{"/home/travis/build/npmtest/node-npmtest-esformatter/test.js":{"path":"/home/travis/build/npmtest/node-npmtest-esformatter/test.js","s":{"1":2,"2":2,"3":2,"4":2,"5":2,"6":2,"7":2,"8":1,"9":2,"10":2,"11":1,"12":1,"13":1,"14":1,"15":2,"16":2,"17":2,"18":2,"19":1,"20":1,"21":2,"22":2,"23":2,"24":1,"25":1,"26":1,"27":1,"28":1,"29":1,"30":1,"31":1,"32":1,"33":1,"34":1,"35":1,"36":1,"37":1,"38":1,"39":2,"40":2,"41":1,"42":2,"43":2,"44":1,"45":2,"46":2,"47":1,"48":2,"49":2,"50":1,"51":1,"52":1,"53":1,"54":1},"b":{"1":[2,1,1,1],"2":[1,1,1,1],"3":[1,1],"4":[1,1],"5":[1,1],"6":[1,1],"7":[1,1],"8":[1,1],"9":[1,1],"10":[1,1,1],"11":[1,1],"12":[1,1],"13":[1,1],"14":[1,1],"15":[1,1],"16":[1,1],"17":[1,1]},"f":{"1":2,"2":2,"3":2,"4":2,"5":2,"6":1,"7":1,"8":1,"9":2,"10":2,"11":2,"12":2,"13":1},"fnMap":{"1":{"name":"(anonymous_1)","line":12,"loc":{"start":{"line":12,"column":1},"end":{"line":12,"column":13}}},"2":{"name":"(anonymous_2)","line":19,"loc":{"start":{"line":19,"column":5},"end":{"line":19,"column":17}}},"3":{"name":"(anonymous_3)","line":23,"loc":{"start":{"line":23,"column":24},"end":{"line":23,"column":36}}},"4":{"name":"(anonymous_4)","line":61,"loc":{"start":{"line":61,"column":5},"end":{"line":61,"column":17}}},"5":{"name":"(anonymous_5)","line":82,"loc":{"start":{"line":82,"column":5},"end":{"line":82,"column":17}}},"6":{"name":"(anonymous_6)","line":91,"loc":{"start":{"line":91,"column":77},"end":{"line":94,"column":10}}},"7":{"name":"(anonymous_7)","line":112,"loc":{"start":{"line":112,"column":83},"end":{"line":115,"column":10}},"skip":true},"8":{"name":"(anonymous_8)","line":123,"loc":{"start":{"line":123,"column":77},"end":{"line":126,"column":10}},"skip":true},"9":{"name":"(anonymous_9)","line":139,"loc":{"start":{"line":139,"column":12},"end":{"line":139,"column":40}},"skip":true},"10":{"name":"(anonymous_10)","line":147,"loc":{"start":{"line":147,"column":77},"end":{"line":150,"column":10}},"skip":true},"11":{"name":"(anonymous_11)","line":158,"loc":{"start":{"line":158,"column":83},"end":{"line":161,"column":10}},"skip":true},"12":{"name":"(anonymous_12)","line":169,"loc":{"start":{"line":169,"column":79},"end":{"line":172,"column":10}},"skip":true},"13":{"name":"(anonymous_13)","line":180,"loc":{"start":{"line":180,"column":75},"end":{"line":183,"column":10}},"skip":true}},"statementMap":{"1":{"start":{"line":12,"column":0},"end":{"line":195,"column":5}},"2":{"start":{"line":14,"column":4},"end":{"line":14,"column":14}},"3":{"start":{"line":19,"column":4},"end":{"line":56,"column":9}},"4":{"start":{"line":21,"column":8},"end":{"line":21,"column":19}},"5":{"start":{"line":23,"column":8},"end":{"line":35,"column":13}},"6":{"start":{"line":24,"column":12},"end":{"line":34,"column":13}},"7":{"start":{"line":25,"column":16},"end":{"line":28,"column":30}},"8":{"start":{"line":30,"column":16},"end":{"line":33,"column":27}},"9":{"start":{"line":37,"column":8},"end":{"line":39,"column":21}},"10":{"start":{"line":40,"column":8},"end":{"line":53,"column":9}},"11":{"start":{"line":43,"column":12},"end":{"line":46,"column":14}},"12":{"start":{"line":47,"column":12},"end":{"line":47,"column":18}},"13":{"start":{"line":50,"column":12},"end":{"line":51,"column":33}},"14":{"start":{"line":52,"column":12},"end":{"line":52,"column":18}},"15":{"start":{"line":55,"column":8},"end":{"line":55,"column":35}},"16":{"start":{"line":61,"column":4},"end":{"line":63,"column":9}},"17":{"start":{"line":62,"column":8},"end":{"line":62,"column":15}},"18":{"start":{"line":64,"column":4},"end":{"line":77,"column":5}},"19":{"start":{"line":70,"column":8},"end":{"line":70,"column":14}},"20":{"start":{"line":76,"column":8},"end":{"line":76,"column":14}},"21":{"start":{"line":82,"column":4},"end":{"line":84,"column":9}},"22":{"start":{"line":83,"column":8},"end":{"line":83,"column":15}},"23":{"start":{"line":85,"column":4},"end":{"line":194,"column":5}},"24":{"start":{"line":91,"column":8},"end":{"line":99,"column":10}},"25":{"start":{"line":98,"column":12},"end":{"line":98,"column":35}},"26":{"start":{"line":102,"column":8},"end":{"line":104,"column":63}},"27":{"start":{"line":105,"column":8},"end":{"line":105,"column":14}},"28":{"start":{"line":112,"column":8},"end":{"line":121,"column":10},"skip":true},"29":{"start":{"line":119,"column":12},"end":{"line":119,"column":55},"skip":true},"30":{"start":{"line":120,"column":12},"end":{"line":120,"column":48},"skip":true},"31":{"start":{"line":123,"column":8},"end":{"line":136,"column":10},"skip":true},"32":{"start":{"line":130,"column":12},"end":{"line":130,"column":76},"skip":true},"33":{"start":{"line":131,"column":12},"end":{"line":131,"column":73},"skip":true},"34":{"start":{"line":132,"column":12},"end":{"line":132,"column":74},"skip":true},"35":{"start":{"line":133,"column":12},"end":{"line":133,"column":79},"skip":true},"36":{"start":{"line":134,"column":12},"end":{"line":134,"column":25},"skip":true},"37":{"start":{"line":135,"column":12},"end":{"line":135,"column":45},"skip":true},"38":{"start":{"line":138,"column":8},"end":{"line":145,"column":14},"skip":true},"39":{"start":{"line":143,"column":16},"end":{"line":143,"column":29},"skip":true},"40":{"start":{"line":144,"column":16},"end":{"line":144,"column":55},"skip":true},"41":{"start":{"line":147,"column":8},"end":{"line":156,"column":10},"skip":true},"42":{"start":{"line":154,"column":12},"end":{"line":154,"column":25},"skip":true},"43":{"start":{"line":155,"column":12},"end":{"line":155,"column":45},"skip":true},"44":{"start":{"line":158,"column":8},"end":{"line":167,"column":10},"skip":true},"45":{"start":{"line":165,"column":12},"end":{"line":165,"column":25},"skip":true},"46":{"start":{"line":166,"column":12},"end":{"line":166,"column":48},"skip":true},"47":{"start":{"line":169,"column":8},"end":{"line":178,"column":10},"skip":true},"48":{"start":{"line":176,"column":12},"end":{"line":176,"column":25},"skip":true},"49":{"start":{"line":177,"column":12},"end":{"line":177,"column":46},"skip":true},"50":{"start":{"line":180,"column":8},"end":{"line":189,"column":10},"skip":true},"51":{"start":{"line":187,"column":12},"end":{"line":187,"column":94},"skip":true},"52":{"start":{"line":188,"column":12},"end":{"line":188,"column":48},"skip":true},"53":{"start":{"line":192,"column":8},"end":{"line":192,"column":35},"skip":true},"54":{"start":{"line":193,"column":8},"end":{"line":193,"column":14},"skip":true}},"branchMap":{"1":{"line":25,"type":"binary-expr","locations":[{"start":{"line":25,"column":23},"end":{"line":25,"column":62}},{"start":{"line":26,"column":20},"end":{"line":26,"column":70}},{"start":{"line":27,"column":20},"end":{"line":27,"column":71}},{"start":{"line":28,"column":20},"end":{"line":28,"column":29}}]},"2":{"line":30,"type":"binary-expr","locations":[{"start":{"line":30,"column":23},"end":{"line":30,"column":37}},{"start":{"line":31,"column":20},"end":{"line":31,"column":61}},{"start":{"line":32,"column":20},"end":{"line":32,"column":70}},{"start":{"line":33,"column":20},"end":{"line":33,"column":26}}]},"3":{"line":37,"type":"cond-expr","locations":[{"start":{"line":38,"column":14},"end":{"line":38,"column":20}},{"start":{"line":39,"column":14},"end":{"line":39,"column":20}}]},"4":{"line":40,"type":"switch","locations":[{"start":{"line":42,"column":8},"end":{"line":47,"column":18}},{"start":{"line":49,"column":8},"end":{"line":52,"column":18}}]},"5":{"line":44,"type":"binary-expr","locations":[{"start":{"line":44,"column":16},"end":{"line":44,"column":44}},{"start":{"line":44,"column":48},"end":{"line":44,"column":66}}]},"6":{"line":50,"type":"binary-expr","locations":[{"start":{"line":50,"column":21},"end":{"line":50,"column":49}},{"start":{"line":50,"column":53},"end":{"line":50,"column":72}}]},"7":{"line":64,"type":"switch","locations":[{"start":{"line":69,"column":4},"end":{"line":70,"column":14}},{"start":{"line":75,"column":4},"end":{"line":76,"column":14}}]},"8":{"line":85,"type":"switch","locations":[{"start":{"line":90,"column":4},"end":{"line":105,"column":14}},{"start":{"line":111,"column":4},"end":{"line":193,"column":14},"skip":true}]},"9":{"line":91,"type":"binary-expr","locations":[{"start":{"line":91,"column":42},"end":{"line":91,"column":73}},{"start":{"line":91,"column":77},"end":{"line":99,"column":9}}]},"10":{"line":102,"type":"binary-expr","locations":[{"start":{"line":102,"column":18},"end":{"line":102,"column":32}},{"start":{"line":103,"column":12},"end":{"line":103,"column":53}},{"start":{"line":104,"column":12},"end":{"line":104,"column":61}}]},"11":{"line":112,"type":"binary-expr","locations":[{"start":{"line":112,"column":45},"end":{"line":112,"column":79},"skip":true},{"start":{"line":112,"column":83},"end":{"line":121,"column":9},"skip":true}]},"12":{"line":123,"type":"binary-expr","locations":[{"start":{"line":123,"column":42},"end":{"line":123,"column":73},"skip":true},{"start":{"line":123,"column":77},"end":{"line":136,"column":9},"skip":true}]},"13":{"line":138,"type":"binary-expr","locations":[{"start":{"line":138,"column":48},"end":{"line":138,"column":85},"skip":true},{"start":{"line":139,"column":12},"end":{"line":145,"column":13},"skip":true}]},"14":{"line":147,"type":"binary-expr","locations":[{"start":{"line":147,"column":42},"end":{"line":147,"column":73},"skip":true},{"start":{"line":147,"column":77},"end":{"line":156,"column":9},"skip":true}]},"15":{"line":158,"type":"binary-expr","locations":[{"start":{"line":158,"column":45},"end":{"line":158,"column":79},"skip":true},{"start":{"line":158,"column":83},"end":{"line":167,"column":9},"skip":true}]},"16":{"line":169,"type":"binary-expr","locations":[{"start":{"line":169,"column":43},"end":{"line":169,"column":75},"skip":true},{"start":{"line":169,"column":79},"end":{"line":178,"column":9},"skip":true}]},"17":{"line":180,"type":"binary-expr","locations":[{"start":{"line":180,"column":41},"end":{"line":180,"column":71},"skip":true},{"start":{"line":180,"column":75},"end":{"line":189,"column":9},"skip":true}]}},"code":["/* istanbul instrument in package npmtest_esformatter */","/*jslint","    bitwise: true,","    browser: true,","    maxerr: 8,","    maxlen: 96,","    node: true,","    nomen: true,","    regexp: true,","    stupid: true","*/","(function () {","    'use strict';","    var local;","","","","    // run shared js-env code - pre-init","    (function () {","        // init local","        local = {};","        // init modeJs","        local.modeJs = (function () {","            try {","                return typeof navigator.userAgent === 'string' &&","                    typeof document.querySelector('body') === 'object' &&","                    typeof XMLHttpRequest.prototype.open === 'function' &&","                    'browser';","            } catch (errorCaughtBrowser) {","                return module.exports &&","                    typeof process.versions.node === 'string' &&","                    typeof require('http').createServer === 'function' &&","                    'node';","            }","        }());","        // init global","        local.global = local.modeJs === 'browser'","            ? window","            : global;","        switch (local.modeJs) {","        // re-init local from window.local","        case 'browser':","            local = local.global.utility2.objectSetDefault(","                local.global.utility2_rollup || local.global.local,","                local.global.utility2","            );","            break;","        // re-init local from example.js","        case 'node':","            local = (local.global.utility2_rollup || require('utility2'))","                .requireReadme();","            break;","        }","        // export local","        local.global.local = local;","    }());","","","","    // run shared js-env code - function","    (function () {","        return;","    }());","    switch (local.modeJs) {","","","","    // run browser js-env code - function","    case 'browser':","        break;","","","","    // run node js-env code - function","    case 'node':","        break;","    }","","","","    // run shared js-env code - post-init","    (function () {","        return;","    }());","    switch (local.modeJs) {","","","","    // run browser js-env code - post-init","    case 'browser':","        local.testCase_browser_nullCase = local.testCase_browser_nullCase || function (","            options,","            onError","        ) {","        /*","         * this function will test browsers's null-case handling-behavior-behavior","         */","            onError(null, options);","        };","","        // run tests","        local.nop(local.modeTest &&","            document.querySelector('#testRunButton1') &&","            document.querySelector('#testRunButton1').click());","        break;","","","","    // run node js-env code - post-init","    /* istanbul ignore next */","    case 'node':","        local.testCase_buildApidoc_default = local.testCase_buildApidoc_default || function (","            options,","            onError","        ) {","        /*","         * this function will test buildApidoc's default handling-behavior-behavior","         */","            options = { modulePathList: module.paths };","            local.buildApidoc(options, onError);","        };","","        local.testCase_buildApp_default = local.testCase_buildApp_default || function (","            options,","            onError","        ) {","        /*","         * this function will test buildApp's default handling-behavior-behavior","         */","            local.testCase_buildReadme_default(options, local.onErrorThrow);","            local.testCase_buildLib_default(options, local.onErrorThrow);","            local.testCase_buildTest_default(options, local.onErrorThrow);","            local.testCase_buildCustomOrg_default(options, local.onErrorThrow);","            options = [];","            local.buildApp(options, onError);","        };","","        local.testCase_buildCustomOrg_default = local.testCase_buildCustomOrg_default ||","            function (options, onError) {","            /*","             * this function will test buildCustomOrg's default handling-behavior","             */","                options = {};","                local.buildCustomOrg(options, onError);","            };","","        local.testCase_buildLib_default = local.testCase_buildLib_default || function (","            options,","            onError","        ) {","        /*","         * this function will test buildLib's default handling-behavior","         */","            options = {};","            local.buildLib(options, onError);","        };","","        local.testCase_buildReadme_default = local.testCase_buildReadme_default || function (","            options,","            onError","        ) {","        /*","         * this function will test buildReadme's default handling-behavior-behavior","         */","            options = {};","            local.buildReadme(options, onError);","        };","","        local.testCase_buildTest_default = local.testCase_buildTest_default || function (","            options,","            onError","        ) {","        /*","         * this function will test buildTest's default handling-behavior","         */","            options = {};","            local.buildTest(options, onError);","        };","","        local.testCase_webpage_default = local.testCase_webpage_default || function (","            options,","            onError","        ) {","        /*","         * this function will test webpage's default handling-behavior","         */","            options = { modeCoverageMerge: true, url: local.serverLocalHost + '?modeTest=1' };","            local.browserTest(options, onError);","        };","","        // run test-server","        local.testRunServer(local);","        break;","    }","}());",""],"l":{"12":2,"14":2,"19":2,"21":2,"23":2,"24":2,"25":2,"30":1,"37":2,"40":2,"43":1,"47":1,"50":1,"52":1,"55":2,"61":2,"62":2,"64":2,"70":1,"76":1,"82":2,"83":2,"85":2,"91":1,"98":1,"102":1,"105":1,"112":1,"119":1,"120":1,"123":1,"130":1,"131":1,"132":1,"133":1,"134":1,"135":1,"138":1,"143":2,"144":2,"147":1,"154":2,"155":2,"158":1,"165":2,"166":2,"169":1,"176":2,"177":2,"180":1,"187":1,"188":1,"192":1,"193":1}},"/home/travis/build/npmtest/node-npmtest-esformatter/lib.npmtest_esformatter.js":{"path":"/home/travis/build/npmtest/node-npmtest-esformatter/lib.npmtest_esformatter.js","s":{"1":2,"2":2,"3":2,"4":2,"5":2,"6":2,"7":2,"8":1,"9":2,"10":2,"11":2,"12":2,"13":1,"14":1,"15":1,"16":1},"b":{"1":[2,1,1,1],"2":[1,1,1,1],"3":[1,1],"4":[2,2],"5":[1,1]},"f":{"1":2,"2":2,"3":2},"fnMap":{"1":{"name":"(anonymous_1)","line":12,"loc":{"start":{"line":12,"column":1},"end":{"line":12,"column":13}}},"2":{"name":"(anonymous_2)","line":19,"loc":{"start":{"line":19,"column":5},"end":{"line":19,"column":17}}},"3":{"name":"(anonymous_3)","line":23,"loc":{"start":{"line":23,"column":24},"end":{"line":23,"column":36}}}},"statementMap":{"1":{"start":{"line":12,"column":0},"end":{"line":53,"column":5}},"2":{"start":{"line":14,"column":4},"end":{"line":14,"column":14}},"3":{"start":{"line":19,"column":4},"end":{"line":52,"column":9}},"4":{"start":{"line":21,"column":8},"end":{"line":21,"column":19}},"5":{"start":{"line":23,"column":8},"end":{"line":35,"column":13}},"6":{"start":{"line":24,"column":12},"end":{"line":34,"column":13}},"7":{"start":{"line":25,"column":16},"end":{"line":28,"column":30}},"8":{"start":{"line":30,"column":16},"end":{"line":33,"column":27}},"9":{"start":{"line":37,"column":8},"end":{"line":39,"column":21}},"10":{"start":{"line":41,"column":8},"end":{"line":41,"column":54}},"11":{"start":{"line":43,"column":8},"end":{"line":43,"column":56}},"12":{"start":{"line":45,"column":8},"end":{"line":51,"column":9}},"13":{"start":{"line":46,"column":12},"end":{"line":46,"column":62}},"14":{"start":{"line":48,"column":12},"end":{"line":48,"column":35}},"15":{"start":{"line":49,"column":12},"end":{"line":49,"column":49}},"16":{"start":{"line":50,"column":12},"end":{"line":50,"column":43}}},"branchMap":{"1":{"line":25,"type":"binary-expr","locations":[{"start":{"line":25,"column":23},"end":{"line":25,"column":62}},{"start":{"line":26,"column":20},"end":{"line":26,"column":70}},{"start":{"line":27,"column":20},"end":{"line":27,"column":71}},{"start":{"line":28,"column":20},"end":{"line":28,"column":29}}]},"2":{"line":30,"type":"binary-expr","locations":[{"start":{"line":30,"column":23},"end":{"line":30,"column":37}},{"start":{"line":31,"column":20},"end":{"line":31,"column":61}},{"start":{"line":32,"column":20},"end":{"line":32,"column":70}},{"start":{"line":33,"column":20},"end":{"line":33,"column":26}}]},"3":{"line":37,"type":"cond-expr","locations":[{"start":{"line":38,"column":14},"end":{"line":38,"column":20}},{"start":{"line":39,"column":14},"end":{"line":39,"column":20}}]},"4":{"line":41,"type":"binary-expr","locations":[{"start":{"line":41,"column":16},"end":{"line":41,"column":44}},{"start":{"line":41,"column":48},"end":{"line":41,"column":53}}]},"5":{"line":45,"type":"if","locations":[{"start":{"line":45,"column":8},"end":{"line":45,"column":8}},{"start":{"line":45,"column":8},"end":{"line":45,"column":8}}]}},"code":["/* istanbul instrument in package npmtest_esformatter */","/*jslint","    bitwise: true,","    browser: true,","    maxerr: 8,","    maxlen: 96,","    node: true,","    nomen: true,","    regexp: true,","    stupid: true","*/","(function () {","    'use strict';","    var local;","","","","    // run shared js-env code - pre-init","    (function () {","        // init local","        local = {};","        // init modeJs","        local.modeJs = (function () {","            try {","                return typeof navigator.userAgent === 'string' &&","                    typeof document.querySelector('body') === 'object' &&","                    typeof XMLHttpRequest.prototype.open === 'function' &&","                    'browser';","            } catch (errorCaughtBrowser) {","                return module.exports &&","                    typeof process.versions.node === 'string' &&","                    typeof require('http').createServer === 'function' &&","                    'node';","            }","        }());","        // init global","        local.global = local.modeJs === 'browser'","            ? window","            : global;","        // init utility2_rollup","        local = local.global.utility2_rollup || local;","        // init lib","        local.local = local.npmtest_esformatter = local;","        // init exports","        if (local.modeJs === 'browser') {","            local.global.utility2_npmtest_esformatter = local;","        } else {","            module.exports = local;","            module.exports.__dirname = __dirname;","            module.exports.module = module;","        }","    }());","}());",""],"l":{"12":2,"14":2,"19":2,"21":2,"23":2,"24":2,"25":2,"30":1,"37":2,"41":2,"43":2,"45":2,"46":1,"48":1,"49":1,"50":1}},"/home/travis/build/npmtest/node-npmtest-esformatter/example.js":{"path":"/home/travis/build/npmtest/node-npmtest-esformatter/example.js","s":{"1":2,"2":2,"3":2,"4":2,"5":2,"6":2,"7":2,"8":1,"9":2,"10":2,"11":2,"12":2,"13":1,"14":2,"15":2,"16":2,"17":2,"18":2,"19":0,"20":2,"21":1,"22":1,"23":1,"24":1,"25":1,"26":0,"27":0,"28":1,"29":1,"30":2,"31":0,"32":0,"33":0,"34":1,"35":2,"36":2,"37":3,"38":3,"39":3,"40":3,"41":0,"42":3,"43":3,"44":3,"45":1,"46":3,"47":1,"48":1,"49":1,"50":1,"51":1,"52":1,"53":1,"54":1,"55":1,"56":1,"57":0,"58":1,"59":6,"60":6,"61":1,"62":2,"63":0,"64":2,"65":1,"66":1,"67":0,"68":0,"69":0,"70":0,"71":0,"72":0,"73":0,"74":0,"75":0,"76":0,"77":0,"78":0,"79":0,"80":0,"81":0,"82":0,"83":0},"b":{"1":[2,1,1,1],"2":[1,1,1,1],"3":[1,1],"4":[2,2],"5":[1,1],"6":[1,1],"7":[2,0],"8":[2,1,1,1,1,1],"9":[0,2,0],"10":[1,1],"11":[2,1,1],"12":[1,0],"13":[0,2],"14":[2,0,0,0,0,0,0],"15":[0,3],"16":[3,0],"17":[1,1],"18":[0,1],"19":[1,2,0,2],"20":[1,0],"21":[1,1],"22":[0,0],"23":[0,0],"24":[0,0],"25":[0,0],"26":[0,0],"27":[0,0],"28":[0,0]},"f":{"1":2,"2":2,"3":2,"4":2,"5":2,"6":2,"7":3,"8":3,"9":3,"10":1,"11":6,"12":0},"fnMap":{"1":{"name":"(anonymous_1)","line":26,"loc":{"start":{"line":26,"column":1},"end":{"line":26,"column":13}}},"2":{"name":"(anonymous_2)","line":33,"loc":{"start":{"line":33,"column":5},"end":{"line":33,"column":17}}},"3":{"name":"(anonymous_3)","line":37,"loc":{"start":{"line":37,"column":24},"end":{"line":37,"column":36}}},"4":{"name":"(anonymous_4)","line":69,"loc":{"start":{"line":69,"column":31},"end":{"line":69,"column":48}},"skip":true},"5":{"name":"(anonymous_5)","line":78,"loc":{"start":{"line":78,"column":26},"end":{"line":78,"column":45}},"skip":true},"6":{"name":"(anonymous_6)","line":123,"loc":{"start":{"line":123,"column":33},"end":{"line":123,"column":48}},"skip":true},"7":{"name":"(anonymous_7)","line":125,"loc":{"start":{"line":125,"column":27},"end":{"line":125,"column":39}},"skip":true},"8":{"name":"(anonymous_8)","line":133,"loc":{"start":{"line":133,"column":59},"end":{"line":133,"column":74}},"skip":true},"9":{"name":"(anonymous_9)","line":143,"loc":{"start":{"line":143,"column":45},"end":{"line":143,"column":62}},"skip":true},"10":{"name":"(anonymous_10)","line":144,"loc":{"start":{"line":144,"column":73},"end":{"line":144,"column":92}},"skip":true},"11":{"name":"(anonymous_11)","line":272,"loc":{"start":{"line":272,"column":51},"end":{"line":272,"column":77}},"skip":true},"12":{"name":"(anonymous_12)","line":315,"loc":{"start":{"line":315,"column":32},"end":{"line":315,"column":61}},"skip":true}},"statementMap":{"1":{"start":{"line":26,"column":0},"end":{"line":326,"column":5}},"2":{"start":{"line":28,"column":4},"end":{"line":28,"column":14}},"3":{"start":{"line":33,"column":4},"end":{"line":60,"column":9}},"4":{"start":{"line":35,"column":8},"end":{"line":35,"column":19}},"5":{"start":{"line":37,"column":8},"end":{"line":49,"column":13}},"6":{"start":{"line":38,"column":12},"end":{"line":48,"column":13}},"7":{"start":{"line":39,"column":16},"end":{"line":42,"column":30}},"8":{"start":{"line":44,"column":16},"end":{"line":47,"column":27}},"9":{"start":{"line":51,"column":8},"end":{"line":53,"column":21}},"10":{"start":{"line":55,"column":8},"end":{"line":57,"column":45}},"11":{"start":{"line":59,"column":8},"end":{"line":59,"column":35}},"12":{"start":{"line":61,"column":4},"end":{"line":325,"column":5}},"13":{"start":{"line":69,"column":8},"end":{"line":121,"column":10},"skip":true},"14":{"start":{"line":70,"column":12},"end":{"line":88,"column":13},"skip":true},"15":{"start":{"line":76,"column":16},"end":{"line":87,"column":19},"skip":true},"16":{"start":{"line":79,"column":20},"end":{"line":86,"column":21},"skip":true},"17":{"start":{"line":82,"column":24},"end":{"line":82,"column":43},"skip":true},"18":{"start":{"line":83,"column":24},"end":{"line":83,"column":30},"skip":true},"19":{"start":{"line":85,"column":24},"end":{"line":85,"column":49},"skip":true},"20":{"start":{"line":89,"column":12},"end":{"line":107,"column":13},"skip":true},"21":{"start":{"line":92,"column":16},"end":{"line":102,"column":17},"skip":true},"22":{"start":{"line":93,"column":20},"end":{"line":93,"column":86},"skip":true},"23":{"start":{"line":94,"column":20},"end":{"line":95,"column":45},"skip":true},"24":{"start":{"line":96,"column":20},"end":{"line":96,"column":42},"skip":true},"25":{"start":{"line":97,"column":20},"end":{"line":97,"column":48},"skip":true},"26":{"start":{"line":100,"column":20},"end":{"line":100,"column":85},"skip":true},"27":{"start":{"line":101,"column":20},"end":{"line":101,"column":96},"skip":true},"28":{"start":{"line":103,"column":16},"end":{"line":103,"column":22},"skip":true},"29":{"start":{"line":106,"column":16},"end":{"line":106,"column":22},"skip":true},"30":{"start":{"line":108,"column":12},"end":{"line":120,"column":13},"skip":true},"31":{"start":{"line":114,"column":16},"end":{"line":119,"column":17},"skip":true},"32":{"start":{"line":116,"column":20},"end":{"line":116,"column":78},"skip":true},"33":{"start":{"line":118,"column":20},"end":{"line":118,"column":47},"skip":true},"34":{"start":{"line":123,"column":8},"end":{"line":141,"column":11},"skip":true},"35":{"start":{"line":124,"column":12},"end":{"line":124,"column":54},"skip":true},"36":{"start":{"line":125,"column":12},"end":{"line":140,"column":14},"skip":true},"37":{"start":{"line":126,"column":16},"end":{"line":126,"column":28},"skip":true},"38":{"start":{"line":127,"column":16},"end":{"line":127,"column":69},"skip":true},"39":{"start":{"line":128,"column":16},"end":{"line":128,"column":75},"skip":true},"40":{"start":{"line":129,"column":16},"end":{"line":131,"column":17},"skip":true},"41":{"start":{"line":130,"column":20},"end":{"line":130,"column":27},"skip":true},"42":{"start":{"line":133,"column":16},"end":{"line":137,"column":36},"skip":true},"43":{"start":{"line":134,"column":20},"end":{"line":136,"column":55},"skip":true},"44":{"start":{"line":139,"column":16},"end":{"line":139,"column":57},"skip":true},"45":{"start":{"line":143,"column":8},"end":{"line":147,"column":11},"skip":true},"46":{"start":{"line":144,"column":12},"end":{"line":146,"column":15},"skip":true},"47":{"start":{"line":145,"column":16},"end":{"line":145,"column":70},"skip":true},"48":{"start":{"line":149,"column":8},"end":{"line":149,"column":31},"skip":true},"49":{"start":{"line":150,"column":8},"end":{"line":150,"column":14},"skip":true},"50":{"start":{"line":158,"column":8},"end":{"line":158,"column":31},"skip":true},"51":{"start":{"line":160,"column":8},"end":{"line":160,"column":33},"skip":true},"52":{"start":{"line":161,"column":8},"end":{"line":161,"column":37},"skip":true},"53":{"start":{"line":162,"column":8},"end":{"line":162,"column":35},"skip":true},"54":{"start":{"line":164,"column":8},"end":{"line":164,"column":50},"skip":true},"55":{"start":{"line":166,"column":8},"end":{"line":256,"column":2},"skip":true},"56":{"start":{"line":258,"column":8},"end":{"line":286,"column":9},"skip":true},"57":{"start":{"line":259,"column":12},"end":{"line":269,"column":14},"skip":true},"58":{"start":{"line":271,"column":12},"end":{"line":285,"column":19},"skip":true},"59":{"start":{"line":274,"column":20},"end":{"line":274,"column":35},"skip":true},"60":{"start":{"line":275,"column":20},"end":{"line":284,"column":21},"skip":true},"61":{"start":{"line":277,"column":24},"end":{"line":277,"column":64},"skip":true},"62":{"start":{"line":279,"column":24},"end":{"line":279,"column":40},"skip":true},"63":{"start":{"line":281,"column":24},"end":{"line":281,"column":40},"skip":true},"64":{"start":{"line":283,"column":24},"end":{"line":283,"column":39},"skip":true},"65":{"start":{"line":288,"column":8},"end":{"line":290,"column":9},"skip":true},"66":{"start":{"line":289,"column":12},"end":{"line":289,"column":18},"skip":true},"67":{"start":{"line":291,"column":8},"end":{"line":293,"column":54},"skip":true},"68":{"start":{"line":296,"column":8},"end":{"line":301,"column":37},"skip":true},"69":{"start":{"line":303,"column":8},"end":{"line":303,"column":82},"skip":true},"70":{"start":{"line":306,"column":8},"end":{"line":308,"column":9},"skip":true},"71":{"start":{"line":307,"column":12},"end":{"line":307,"column":82},"skip":true},"72":{"start":{"line":310,"column":8},"end":{"line":312,"column":9},"skip":true},"73":{"start":{"line":311,"column":12},"end":{"line":311,"column":18},"skip":true},"74":{"start":{"line":313,"column":8},"end":{"line":313,"column":54},"skip":true},"75":{"start":{"line":314,"column":8},"end":{"line":314,"column":69},"skip":true},"76":{"start":{"line":315,"column":8},"end":{"line":323,"column":36},"skip":true},"77":{"start":{"line":316,"column":12},"end":{"line":316,"column":61},"skip":true},"78":{"start":{"line":317,"column":12},"end":{"line":320,"column":13},"skip":true},"79":{"start":{"line":318,"column":16},"end":{"line":318,"column":75},"skip":true},"80":{"start":{"line":319,"column":16},"end":{"line":319,"column":23},"skip":true},"81":{"start":{"line":321,"column":12},"end":{"line":321,"column":38},"skip":true},"82":{"start":{"line":322,"column":12},"end":{"line":322,"column":27},"skip":true},"83":{"start":{"line":324,"column":8},"end":{"line":324,"column":14},"skip":true}},"branchMap":{"1":{"line":39,"type":"binary-expr","locations":[{"start":{"line":39,"column":23},"end":{"line":39,"column":62}},{"start":{"line":40,"column":20},"end":{"line":40,"column":70}},{"start":{"line":41,"column":20},"end":{"line":41,"column":71}},{"start":{"line":42,"column":20},"end":{"line":42,"column":29}}]},"2":{"line":44,"type":"binary-expr","locations":[{"start":{"line":44,"column":23},"end":{"line":44,"column":37}},{"start":{"line":45,"column":20},"end":{"line":45,"column":61}},{"start":{"line":46,"column":20},"end":{"line":46,"column":70}},{"start":{"line":47,"column":20},"end":{"line":47,"column":26}}]},"3":{"line":51,"type":"cond-expr","locations":[{"start":{"line":52,"column":14},"end":{"line":52,"column":20}},{"start":{"line":53,"column":14},"end":{"line":53,"column":20}}]},"4":{"line":55,"type":"binary-expr","locations":[{"start":{"line":55,"column":16},"end":{"line":55,"column":44}},{"start":{"line":55,"column":49},"end":{"line":57,"column":43}}]},"5":{"line":55,"type":"cond-expr","locations":[{"start":{"line":56,"column":14},"end":{"line":56,"column":55}},{"start":{"line":57,"column":14},"end":{"line":57,"column":43}}]},"6":{"line":61,"type":"switch","locations":[{"start":{"line":68,"column":4},"end":{"line":150,"column":14},"skip":true},{"start":{"line":156,"column":4},"end":{"line":324,"column":14},"skip":true}]},"7":{"line":70,"type":"if","locations":[{"start":{"line":70,"column":12},"end":{"line":70,"column":12},"skip":true},{"start":{"line":70,"column":12},"end":{"line":70,"column":12},"skip":true}]},"8":{"line":70,"type":"binary-expr","locations":[{"start":{"line":70,"column":16},"end":{"line":70,"column":22},"skip":true},{"start":{"line":70,"column":27},"end":{"line":70,"column":32},"skip":true},{"start":{"line":71,"column":20},"end":{"line":71,"column":39},"skip":true},{"start":{"line":72,"column":20},"end":{"line":72,"column":49},"skip":true},{"start":{"line":73,"column":20},"end":{"line":73,"column":58},"skip":true},{"start":{"line":74,"column":20},"end":{"line":74,"column":69},"skip":true}]},"9":{"line":79,"type":"switch","locations":[{"start":{"line":80,"column":20},"end":{"line":80,"column":33},"skip":true},{"start":{"line":81,"column":20},"end":{"line":83,"column":30},"skip":true},{"start":{"line":84,"column":20},"end":{"line":85,"column":49},"skip":true}]},"10":{"line":89,"type":"switch","locations":[{"start":{"line":90,"column":12},"end":{"line":103,"column":22},"skip":true},{"start":{"line":105,"column":12},"end":{"line":106,"column":22},"skip":true}]},"11":{"line":89,"type":"binary-expr","locations":[{"start":{"line":89,"column":20},"end":{"line":89,"column":25},"skip":true},{"start":{"line":89,"column":29},"end":{"line":89,"column":48},"skip":true},{"start":{"line":89,"column":52},"end":{"line":89,"column":74},"skip":true}]},"12":{"line":92,"type":"if","locations":[{"start":{"line":92,"column":16},"end":{"line":92,"column":16},"skip":true},{"start":{"line":92,"column":16},"end":{"line":92,"column":16},"skip":true}]},"13":{"line":108,"type":"if","locations":[{"start":{"line":108,"column":12},"end":{"line":108,"column":12},"skip":true},{"start":{"line":108,"column":12},"end":{"line":108,"column":12},"skip":true}]},"14":{"line":108,"type":"binary-expr","locations":[{"start":{"line":108,"column":16},"end":{"line":108,"column":61},"skip":true},{"start":{"line":108,"column":66},"end":{"line":108,"column":72},"skip":true},{"start":{"line":108,"column":77},"end":{"line":108,"column":82},"skip":true},{"start":{"line":109,"column":20},"end":{"line":109,"column":39},"skip":true},{"start":{"line":110,"column":20},"end":{"line":110,"column":49},"skip":true},{"start":{"line":111,"column":20},"end":{"line":111,"column":58},"skip":true},{"start":{"line":112,"column":20},"end":{"line":112,"column":68},"skip":true}]},"15":{"line":129,"type":"if","locations":[{"start":{"line":129,"column":16},"end":{"line":129,"column":16},"skip":true},{"start":{"line":129,"column":16},"end":{"line":129,"column":16},"skip":true}]},"16":{"line":134,"type":"cond-expr","locations":[{"start":{"line":135,"column":26},"end":{"line":135,"column":29},"skip":true},{"start":{"line":136,"column":26},"end":{"line":136,"column":54},"skip":true}]},"17":{"line":164,"type":"binary-expr","locations":[{"start":{"line":164,"column":27},"end":{"line":164,"column":43},"skip":true},{"start":{"line":164,"column":47},"end":{"line":164,"column":49},"skip":true}]},"18":{"line":258,"type":"if","locations":[{"start":{"line":258,"column":8},"end":{"line":258,"column":8},"skip":true},{"start":{"line":258,"column":8},"end":{"line":258,"column":8},"skip":true}]},"19":{"line":275,"type":"switch","locations":[{"start":{"line":276,"column":20},"end":{"line":277,"column":64},"skip":true},{"start":{"line":278,"column":20},"end":{"line":279,"column":40},"skip":true},{"start":{"line":280,"column":20},"end":{"line":281,"column":40},"skip":true},{"start":{"line":282,"column":20},"end":{"line":283,"column":39},"skip":true}]},"20":{"line":288,"type":"if","locations":[{"start":{"line":288,"column":8},"end":{"line":288,"column":8},"skip":true},{"start":{"line":288,"column":8},"end":{"line":288,"column":8},"skip":true}]},"21":{"line":288,"type":"binary-expr","locations":[{"start":{"line":288,"column":12},"end":{"line":288,"column":40},"skip":true},{"start":{"line":288,"column":44},"end":{"line":288,"column":67},"skip":true}]},"22":{"line":292,"type":"binary-expr","locations":[{"start":{"line":292,"column":12},"end":{"line":292,"column":50},"skip":true},{"start":{"line":293,"column":12},"end":{"line":293,"column":53},"skip":true}]},"23":{"line":297,"type":"binary-expr","locations":[{"start":{"line":297,"column":12},"end":{"line":297,"column":69},"skip":true},{"start":{"line":298,"column":12},"end":{"line":301,"column":36},"skip":true}]},"24":{"line":303,"type":"binary-expr","locations":[{"start":{"line":303,"column":43},"end":{"line":303,"column":75},"skip":true},{"start":{"line":303,"column":79},"end":{"line":303,"column":81},"skip":true}]},"25":{"line":306,"type":"if","locations":[{"start":{"line":306,"column":8},"end":{"line":306,"column":8},"skip":true},{"start":{"line":306,"column":8},"end":{"line":306,"column":8},"skip":true}]},"26":{"line":310,"type":"if","locations":[{"start":{"line":310,"column":8},"end":{"line":310,"column":8},"skip":true},{"start":{"line":310,"column":8},"end":{"line":310,"column":8},"skip":true}]},"27":{"line":313,"type":"binary-expr","locations":[{"start":{"line":313,"column":27},"end":{"line":313,"column":43},"skip":true},{"start":{"line":313,"column":47},"end":{"line":313,"column":53},"skip":true}]},"28":{"line":317,"type":"if","locations":[{"start":{"line":317,"column":12},"end":{"line":317,"column":12},"skip":true},{"start":{"line":317,"column":12},"end":{"line":317,"column":12},"skip":true}]}},"code":["/*","example.js","","quickstart example","","instruction","    1. save this script as example.js","    2. run the shell command:","        $ npm install npmtest-esformatter && PORT=8081 node example.js","    3. play with the browser-demo on http://127.0.0.1:8081","*/","","","","/* istanbul instrument in package npmtest_esformatter */","/*jslint","    bitwise: true,","    browser: true,","    maxerr: 8,","    maxlen: 96,","    node: true,","    nomen: true,","    regexp: true,","    stupid: true","*/","(function () {","    'use strict';","    var local;","","","","    // run shared js-env code - pre-init","    (function () {","        // init local","        local = {};","        // init modeJs","        local.modeJs = (function () {","            try {","                return typeof navigator.userAgent === 'string' &&","                    typeof document.querySelector('body') === 'object' &&","                    typeof XMLHttpRequest.prototype.open === 'function' &&","                    'browser';","            } catch (errorCaughtBrowser) {","                return module.exports &&","                    typeof process.versions.node === 'string' &&","                    typeof require('http').createServer === 'function' &&","                    'node';","            }","        }());","        // init global","        local.global = local.modeJs === 'browser'","            ? window","            : global;","        // init utility2_rollup","        local = local.global.utility2_rollup || (local.modeJs === 'browser'","            ? local.global.utility2_npmtest_esformatter","            : global.utility2_moduleExports);","        // export local","        local.global.local = local;","    }());","    switch (local.modeJs) {","","","","    // post-init","    // run browser js-env code - post-init","    /* istanbul ignore next */","    case 'browser':","        local.testRunBrowser = function (event) {","            if (!event || (event &&","                    event.currentTarget &&","                    event.currentTarget.className &&","                    event.currentTarget.className.includes &&","                    event.currentTarget.className.includes('onreset'))) {","                // reset output","                Array.from(","                    document.querySelectorAll('body > .resettable')","                ).forEach(function (element) {","                    switch (element.tagName) {","                    case 'INPUT':","                    case 'TEXTAREA':","                        element.value = '';","                        break;","                    default:","                        element.textContent = '';","                    }","                });","            }","            switch (event && event.currentTarget && event.currentTarget.id) {","            case 'testRunButton1':","                // show tests","                if (document.querySelector('#testReportDiv1').style.display === 'none') {","                    document.querySelector('#testReportDiv1').style.display = 'block';","                    document.querySelector('#testRunButton1').textContent =","                        'hide internal test';","                    local.modeTest = true;","                    local.testRunDefault(local);","                // hide tests","                } else {","                    document.querySelector('#testReportDiv1').style.display = 'none';","                    document.querySelector('#testRunButton1').textContent = 'run internal test';","                }","                break;","            // custom-case","            default:","                break;","            }","            if (document.querySelector('#inputTextareaEval1') && (!event || (event &&","                    event.currentTarget &&","                    event.currentTarget.className &&","                    event.currentTarget.className.includes &&","                    event.currentTarget.className.includes('oneval')))) {","                // try to eval input-code","                try {","                    /*jslint evil: true*/","                    eval(document.querySelector('#inputTextareaEval1').value);","                } catch (errorCaught) {","                    console.error(errorCaught);","                }","            }","        };","        // log stderr and stdout to #outputTextareaStdout1","        ['error', 'log'].forEach(function (key) {","            console[key + '_original'] = console[key];","            console[key] = function () {","                var element;","                console[key + '_original'].apply(console, arguments);","                element = document.querySelector('#outputTextareaStdout1');","                if (!element) {","                    return;","                }","                // append text to #outputTextareaStdout1","                element.value += Array.from(arguments).map(function (arg) {","                    return typeof arg === 'string'","                        ? arg","                        : JSON.stringify(arg, null, 4);","                }).join(' ') + '\\n';","                // scroll textarea to bottom","                element.scrollTop = element.scrollHeight;","            };","        });","        // init event-handling","        ['change', 'click', 'keyup'].forEach(function (event) {","            Array.from(document.querySelectorAll('.on' + event)).forEach(function (element) {","                element.addEventListener(event, local.testRunBrowser);","            });","        });","        // run tests","        local.testRunBrowser();","        break;","","","","    // run node js-env code - post-init","    /* istanbul ignore next */","    case 'node':","        // export local","        module.exports = local;","        // require modules","        local.fs = require('fs');","        local.http = require('http');","        local.url = require('url');","        // init assets","        local.assetsDict = local.assetsDict || {};","        /* jslint-ignore-begin */","        local.assetsDict['/assets.index.template.html'] = '\\","<!doctype html>\\n\\","<html lang=\"en\">\\n\\","<head>\\n\\","<meta charset=\"UTF-8\">\\n\\","<meta name=\"viewport\" content=\"width=device-width, initial-scale=1\">\\n\\","<title>{{env.npm_package_name}} (v{{env.npm_package_version}})</title>\\n\\","<style>\\n\\","/*csslint\\n\\","    box-sizing: false,\\n\\","    universal-selector: false\\n\\","*/\\n\\","* {\\n\\","    box-sizing: border-box;\\n\\","}\\n\\","body {\\n\\","    background: #dde;\\n\\","    font-family: Arial, Helvetica, sans-serif;\\n\\","    margin: 2rem;\\n\\","}\\n\\","body > * {\\n\\","    margin-bottom: 1rem;\\n\\","}\\n\\",".utility2FooterDiv {\\n\\","    margin-top: 20px;\\n\\","    text-align: center;\\n\\","}\\n\\","</style>\\n\\","<style>\\n\\","/*csslint\\n\\","*/\\n\\","textarea {\\n\\","    font-family: monospace;\\n\\","    height: 10rem;\\n\\","    width: 100%;\\n\\","}\\n\\","textarea[readonly] {\\n\\","    background: #ddd;\\n\\","}\\n\\","</style>\\n\\","</head>\\n\\","<body>\\n\\","<!-- utility2-comment\\n\\","<div id=\"ajaxProgressDiv1\" style=\"background: #d00; height: 2px; left: 0; margin: 0; padding: 0; position: fixed; top: 0; transition: background 0.5s, width 1.5s; width: 25%;\"></div>\\n\\","utility2-comment -->\\n\\","<h1>\\n\\","<!-- utility2-comment\\n\\","    <a\\n\\","        {{#if env.npm_package_homepage}}\\n\\","        href=\"{{env.npm_package_homepage}}\"\\n\\","        {{/if env.npm_package_homepage}}\\n\\","        target=\"_blank\"\\n\\","    >\\n\\","utility2-comment -->\\n\\","        {{env.npm_package_name}} (v{{env.npm_package_version}})\\n\\","<!-- utility2-comment\\n\\","    </a>\\n\\","utility2-comment -->\\n\\","</h1>\\n\\","<h3>{{env.npm_package_description}}</h3>\\n\\","<!-- utility2-comment\\n\\","<h4><a download href=\"assets.app.js\">download standalone app</a></h4>\\n\\","<button class=\"onclick onreset\" id=\"testRunButton1\">run internal test</button><br>\\n\\","<div id=\"testReportDiv1\" style=\"display: none;\"></div>\\n\\","utility2-comment -->\\n\\","\\n\\","\\n\\","\\n\\","<label>stderr and stdout</label>\\n\\","<textarea class=\"resettable\" id=\"outputTextareaStdout1\" readonly></textarea>\\n\\","<!-- utility2-comment\\n\\","{{#if isRollup}}\\n\\","<script src=\"assets.app.js\"></script>\\n\\","{{#unless isRollup}}\\n\\","utility2-comment -->\\n\\","<script src=\"assets.utility2.rollup.js\"></script>\\n\\","<script src=\"jsonp.utility2._stateInit?callback=window.utility2._stateInit\"></script>\\n\\","<script src=\"assets.npmtest_esformatter.rollup.js\"></script>\\n\\","<script src=\"assets.example.js\"></script>\\n\\","<script src=\"assets.test.js\"></script>\\n\\","<!-- utility2-comment\\n\\","{{/if isRollup}}\\n\\","utility2-comment -->\\n\\","<div class=\"utility2FooterDiv\">\\n\\","    [ this app was created with\\n\\","    <a href=\"https://github.com/kaizhu256/node-utility2\" target=\"_blank\">utility2</a>\\n\\","    ]\\n\\","</div>\\n\\","</body>\\n\\","</html>\\n\\","';","        /* jslint-ignore-end */","        if (local.templateRender) {","            local.assetsDict['/'] = local.templateRender(","                local.assetsDict['/assets.index.template.html'],","                {","                    env: local.objectSetDefault(local.env, {","                        npm_package_description: 'the greatest app in the world!',","                        npm_package_name: 'my-app',","                        npm_package_nameAlias: 'my_app',","                        npm_package_version: '0.0.1'","                    })","                }","            );","        } else {","            local.assetsDict['/'] = local.assetsDict['/assets.index.template.html']","                .replace((/\\{\\{env\\.(\\w+?)\\}\\}/g), function (match0, match1) {","                    // jslint-hack","                    String(match0);","                    switch (match1) {","                    case 'npm_package_description':","                        return 'the greatest app in the world!';","                    case 'npm_package_name':","                        return 'my-app';","                    case 'npm_package_nameAlias':","                        return 'my_app';","                    case 'npm_package_version':","                        return '0.0.1';","                    }","                });","        }","        // run the cli","        if (local.global.utility2_rollup || module !== require.main) {","            break;","        }","        local.assetsDict['/assets.example.js'] =","            local.assetsDict['/assets.example.js'] ||","            local.fs.readFileSync(__filename, 'utf8');","        // bug-workaround - long $npm_package_buildCustomOrg","        /* jslint-ignore-begin */","        local.assetsDict['/assets.npmtest_esformatter.rollup.js'] =","            local.assetsDict['/assets.npmtest_esformatter.rollup.js'] ||","            local.fs.readFileSync(","                local.npmtest_esformatter.__dirname + '/lib.npmtest_esformatter.js',","                'utf8'","            ).replace((/^#!/), '//');","        /* jslint-ignore-end */","        local.assetsDict['/favicon.ico'] = local.assetsDict['/favicon.ico'] || '';","        // if $npm_config_timeout_exit exists,","        // then exit this process after $npm_config_timeout_exit ms","        if (Number(process.env.npm_config_timeout_exit)) {","            setTimeout(process.exit, Number(process.env.npm_config_timeout_exit));","        }","        // start server","        if (local.global.utility2_serverHttp1) {","            break;","        }","        process.env.PORT = process.env.PORT || '8081';","        console.error('server starting on port ' + process.env.PORT);","        local.http.createServer(function (request, response) {","            request.urlParsed = local.url.parse(request.url);","            if (local.assetsDict[request.urlParsed.pathname] !== undefined) {","                response.end(local.assetsDict[request.urlParsed.pathname]);","                return;","            }","            response.statusCode = 404;","            response.end();","        }).listen(process.env.PORT);","        break;","    }","}());",""],"l":{"26":2,"28":2,"33":2,"35":2,"37":2,"38":2,"39":2,"44":1,"51":2,"55":2,"59":2,"61":2,"69":1,"70":2,"76":2,"79":2,"82":2,"83":2,"85":1,"89":2,"92":1,"93":1,"94":1,"96":1,"97":1,"100":1,"101":1,"103":1,"106":1,"108":2,"114":1,"116":1,"118":1,"123":1,"124":2,"125":2,"126":3,"127":3,"128":3,"129":3,"130":1,"133":3,"134":3,"139":3,"143":1,"144":3,"145":1,"149":1,"150":1,"158":1,"160":1,"161":1,"162":1,"164":1,"166":1,"258":1,"259":1,"271":1,"274":6,"275":6,"277":1,"279":2,"281":1,"283":2,"288":1,"289":1,"291":1,"296":1,"303":1,"306":1,"307":1,"310":1,"311":1,"313":1,"314":1,"315":1,"316":1,"317":1,"318":1,"319":1,"321":1,"322":1,"324":1}},"/home/travis/build/npmtest/node-npmtest-esformatter/node_modules/esformatter/lib/esformatter.js":{"path":"/home/travis/build/npmtest/node-npmtest-esformatter/node_modules/esformatter/lib/esformatter.js","s":{"1":1,"2":1,"3":1,"4":1,"5":1,"6":1,"7":1,"8":1,"9":1},"b":{},"f":{},"fnMap":{},"statementMap":{"1":{"start":{"line":9,"column":0},"end":{"line":9,"column":35}},"2":{"start":{"line":11,"column":0},"end":{"line":11,"column":33}},"3":{"start":{"line":12,"column":0},"end":{"line":12,"column":35}},"4":{"start":{"line":13,"column":0},"end":{"line":13,"column":37}},"5":{"start":{"line":14,"column":0},"end":{"line":14,"column":43}},"6":{"start":{"line":15,"column":0},"end":{"line":15,"column":40}},"7":{"start":{"line":16,"column":0},"end":{"line":16,"column":36}},"8":{"start":{"line":17,"column":0},"end":{"line":17,"column":40}},"9":{"start":{"line":18,"column":0},"end":{"line":18,"column":46}}},"branchMap":{},"code":["'use strict';","","// non-destructive changes to EcmaScript code using an \"enhanced\" AST for the","// process, it updates the tokens in place and add/remove spaces & line breaks","// based on user settings.","// not using any kind of code rewrite based on string concatenation to avoid","// breaking the program correctness and/or undesired side-effects.","","var plugins = require('./plugins');","","exports.diff = require('./diff');","exports.hooks = require('./hooks');","exports.format = require('./format');","exports.transform = require('./transform');","exports.rc = require('./options').getRc;","exports.register = plugins.register;","exports.unregister = plugins.unregister;","exports.unregisterAll = plugins.unregisterAll;",""],"l":{"9":1,"11":1,"12":1,"13":1,"14":1,"15":1,"16":1,"17":1,"18":1}},"/home/travis/build/npmtest/node-npmtest-esformatter/node_modules/esformatter/lib/plugins.js":{"path":"/home/travis/build/npmtest/node-npmtest-esformatter/node_modules/esformatter/lib/plugins.js","s":{"1":1,"2":1,"3":1,"4":1,"5":1,"6":1,"7":0,"8":0,"9":1,"10":1,"11":1,"12":0,"13":1,"14":0,"15":0,"16":1,"17":1,"18":0,"19":0,"20":0,"21":0,"22":1,"23":0,"24":0,"25":0,"26":1,"27":1,"28":1,"29":2,"30":9,"31":1,"32":0,"33":0,"34":0,"35":0,"36":1,"37":0,"38":0},"b":{"1":[0,0],"2":[0,0],"3":[0,0],"4":[0,0],"5":[0,0],"6":[0,0]},"f":{"1":0,"2":0,"3":0,"4":0,"5":0,"6":0,"7":2,"8":9,"9":0,"10":0,"11":0,"12":0},"fnMap":{"1":{"name":"register","line":11,"loc":{"start":{"line":11,"column":0},"end":{"line":11,"column":26}}},"2":{"name":"unregisterAll","line":22,"loc":{"start":{"line":22,"column":0},"end":{"line":22,"column":25}}},"3":{"name":"(anonymous_3)","line":27,"loc":{"start":{"line":27,"column":21},"end":{"line":27,"column":36}}},"4":{"name":"loadAndRegister","line":37,"loc":{"start":{"line":37,"column":0},"end":{"line":37,"column":39}}},"5":{"name":"(anonymous_5)","line":39,"loc":{"start":{"line":39,"column":23},"end":{"line":39,"column":44}}},"6":{"name":"loadModule","line":48,"loc":{"start":{"line":48,"column":0},"end":{"line":48,"column":24}}},"7":{"name":"exportMethods","line":79,"loc":{"start":{"line":79,"column":0},"end":{"line":79,"column":32}}},"8":{"name":"(anonymous_8)","line":80,"loc":{"start":{"line":80,"column":14},"end":{"line":80,"column":35}}},"9":{"name":"exec","line":86,"loc":{"start":{"line":86,"column":0},"end":{"line":86,"column":26}}},"10":{"name":"(anonymous_10)","line":88,"loc":{"start":{"line":88,"column":19},"end":{"line":88,"column":36}}},"11":{"name":"pipe","line":96,"loc":{"start":{"line":96,"column":0},"end":{"line":96,"column":33}}},"12":{"name":"(anonymous_12)","line":97,"loc":{"start":{"line":97,"column":25},"end":{"line":97,"column":50}}}},"statementMap":{"1":{"start":{"line":3,"column":0},"end":{"line":3,"column":45}},"2":{"start":{"line":4,"column":0},"end":{"line":4,"column":47}},"3":{"start":{"line":5,"column":0},"end":{"line":5,"column":42}},"4":{"start":{"line":7,"column":0},"end":{"line":7,"column":18}},"5":{"start":{"line":10,"column":0},"end":{"line":10,"column":28}},"6":{"start":{"line":11,"column":0},"end":{"line":15,"column":1}},"7":{"start":{"line":12,"column":2},"end":{"line":14,"column":3}},"8":{"start":{"line":13,"column":4},"end":{"line":13,"column":26}},"9":{"start":{"line":18,"column":0},"end":{"line":18,"column":47}},"10":{"start":{"line":21,"column":0},"end":{"line":21,"column":38}},"11":{"start":{"line":22,"column":0},"end":{"line":24,"column":1}},"12":{"start":{"line":23,"column":2},"end":{"line":23,"column":16}},"13":{"start":{"line":27,"column":0},"end":{"line":33,"column":2}},"14":{"start":{"line":28,"column":2},"end":{"line":28,"column":40}},"15":{"start":{"line":32,"column":2},"end":{"line":32,"column":53}},"16":{"start":{"line":36,"column":0},"end":{"line":36,"column":42}},"17":{"start":{"line":37,"column":0},"end":{"line":45,"column":1}},"18":{"start":{"line":38,"column":2},"end":{"line":38,"column":36}},"19":{"start":{"line":39,"column":2},"end":{"line":44,"column":5}},"20":{"start":{"line":40,"column":4},"end":{"line":42,"column":29}},"21":{"start":{"line":43,"column":4},"end":{"line":43,"column":21}},"22":{"start":{"line":48,"column":0},"end":{"line":58,"column":1}},"23":{"start":{"line":49,"column":2},"end":{"line":57,"column":3}},"24":{"start":{"line":50,"column":4},"end":{"line":50,"column":23}},"25":{"start":{"line":52,"column":4},"end":{"line":56,"column":6}},"26":{"start":{"line":61,"column":0},"end":{"line":71,"column":9}},"27":{"start":{"line":73,"column":0},"end":{"line":76,"column":9}},"28":{"start":{"line":79,"column":0},"end":{"line":83,"column":1}},"29":{"start":{"line":80,"column":2},"end":{"line":82,"column":5}},"30":{"start":{"line":81,"column":4},"end":{"line":81,"column":50}},"31":{"start":{"line":86,"column":0},"end":{"line":93,"column":1}},"32":{"start":{"line":87,"column":2},"end":{"line":87,"column":54}},"33":{"start":{"line":88,"column":2},"end":{"line":92,"column":5}},"34":{"start":{"line":89,"column":4},"end":{"line":91,"column":5}},"35":{"start":{"line":90,"column":6},"end":{"line":90,"column":45}},"36":{"start":{"line":96,"column":0},"end":{"line":100,"column":1}},"37":{"start":{"line":97,"column":2},"end":{"line":99,"column":12}},"38":{"start":{"line":98,"column":4},"end":{"line":98,"column":70}}},"branchMap":{"1":{"line":12,"type":"if","locations":[{"start":{"line":12,"column":2},"end":{"line":12,"column":2}},{"start":{"line":12,"column":2},"end":{"line":12,"column":2}}]},"2":{"line":28,"type":"binary-expr","locations":[{"start":{"line":28,"column":18},"end":{"line":28,"column":22}},{"start":{"line":28,"column":26},"end":{"line":28,"column":38}}]},"3":{"line":38,"type":"binary-expr","locations":[{"start":{"line":38,"column":17},"end":{"line":38,"column":29}},{"start":{"line":38,"column":33},"end":{"line":38,"column":35}}]},"4":{"line":40,"type":"cond-expr","locations":[{"start":{"line":41,"column":6},"end":{"line":41,"column":16}},{"start":{"line":42,"column":6},"end":{"line":42,"column":28}}]},"5":{"line":89,"type":"if","locations":[{"start":{"line":89,"column":4},"end":{"line":89,"column":4}},{"start":{"line":89,"column":4},"end":{"line":89,"column":4}}]},"6":{"line":98,"type":"cond-expr","locations":[{"start":{"line":98,"column":34},"end":{"line":98,"column":60}},{"start":{"line":98,"column":63},"end":{"line":98,"column":69}}]}},"code":["\"use strict\";","","var isObject = require('mout/lang/isObject');","var partial = require('mout/function/partial');","var remove = require('mout/array/remove');","","var _plugins = [];","","","exports.register = register;","function register(plugin) {","  if (_plugins.indexOf(plugin) === -1) {","    _plugins.push(plugin);","  }","}","","","exports.unregister = partial(remove, _plugins);","","","exports.unregisterAll = unregisterAll;","function unregisterAll() {","  _plugins = [];","}","","","exports.setOptions = function(opts) {","  loadAndRegister(opts && opts.plugins);","  // esformatter ends up being a circular dependency,","  // but this was the quickest way of doing it :P","  // needed specially because of issue #348","  exec('setOptions', opts, require('./esformatter'));","};","","","exports.loadAndRegister = loadAndRegister;","function loadAndRegister(idsOrModules) {","  idsOrModules = idsOrModules || [];","  idsOrModules.forEach(function(idOrModule) {","    var module = isObject(idOrModule) ?","      idOrModule :","      loadModule(idOrModule);","    register(module);","  });","}","","","function loadModule(id) {","  try {","    return require(id);","  } catch (e) {","    throw new Error(","      'Error: Cannot find plugin \\'' + id + '\\'.' + ' Make sure ' +","      'you used the correct name on the config file or run `npm install ' +","      '--save-dev ' + id + '` to add it as a project dependency.'","    );","  }","}","","","exportMethods([","  'tokenBefore',","  'tokenAfter',","  'nodeBefore',","  'nodeAfter',","  // \"transform\" is an alias to \"transformAfter\" but we do not recommend using","  // it going forward. it might be deprecated in the future.","  'transform',","  'transformAfter',","  'transformBefore'","], exec);","","exportMethods([","  'stringBefore',","  'stringAfter'","], pipe);","","","function exportMethods(arr, fn) {","  arr.forEach(function(methodName) {","    exports[methodName] = partial(fn, methodName);","  });","}","","","function exec(methodName) {","  var args = Array.prototype.slice.call(arguments, 1);","  _plugins.forEach(function(plugin) {","    if (methodName in plugin) {","      plugin[methodName].apply(plugin, args);","    }","  });","}","","","function pipe(methodName, input) {","  return _plugins.reduce(function(output, plugin) {","    return methodName in plugin ? plugin[methodName](output) : output;","  }, input);","}",""],"l":{"3":1,"4":1,"5":1,"7":1,"10":1,"11":1,"12":0,"13":0,"18":1,"21":1,"22":1,"23":0,"27":1,"28":0,"32":0,"36":1,"37":1,"38":0,"39":0,"40":0,"43":0,"48":1,"49":0,"50":0,"52":0,"61":1,"73":1,"79":1,"80":2,"81":9,"86":1,"87":0,"88":0,"89":0,"90":0,"96":1,"97":0,"98":0}},"/home/travis/build/npmtest/node-npmtest-esformatter/node_modules/esformatter/lib/diff.js":{"path":"/home/travis/build/npmtest/node-npmtest-esformatter/node_modules/esformatter/lib/diff.js","s":{"1":1,"2":1,"3":1,"4":1,"5":1,"6":1,"7":1,"8":0,"9":0,"10":0,"11":0,"12":1,"13":0,"14":1,"15":0,"16":1,"17":1,"18":0,"19":1,"20":1,"21":0},"b":{"1":[0,0],"2":[0,0]},"f":{"1":0,"2":0,"3":0,"4":0,"5":0},"fnMap":{"1":{"name":"chars","line":14,"loc":{"start":{"line":14,"column":0},"end":{"line":14,"column":36}}},"2":{"name":"getHeader","line":23,"loc":{"start":{"line":23,"column":0},"end":{"line":23,"column":29}}},"3":{"name":"cyan","line":27,"loc":{"start":{"line":27,"column":0},"end":{"line":27,"column":19}}},"4":{"name":"unified","line":32,"loc":{"start":{"line":32,"column":0},"end":{"line":32,"column":38}}},"5":{"name":"unifiedNoColor","line":39,"loc":{"start":{"line":39,"column":0},"end":{"line":39,"column":45}}}},"statementMap":{"1":{"start":{"line":3,"column":0},"end":{"line":3,"column":33}},"2":{"start":{"line":4,"column":0},"end":{"line":4,"column":37}},"3":{"start":{"line":6,"column":0},"end":{"line":7,"column":19}},"4":{"start":{"line":10,"column":0},"end":{"line":10,"column":29}},"5":{"start":{"line":11,"column":0},"end":{"line":11,"column":29}},"6":{"start":{"line":13,"column":0},"end":{"line":13,"column":22}},"7":{"start":{"line":14,"column":0},"end":{"line":21,"column":1}},"8":{"start":{"line":15,"column":2},"end":{"line":15,"column":55}},"9":{"start":{"line":16,"column":2},"end":{"line":18,"column":3}},"10":{"start":{"line":17,"column":4},"end":{"line":17,"column":14}},"11":{"start":{"line":20,"column":2},"end":{"line":20,"column":45}},"12":{"start":{"line":23,"column":0},"end":{"line":25,"column":1}},"13":{"start":{"line":24,"column":2},"end":{"line":24,"column":65}},"14":{"start":{"line":27,"column":0},"end":{"line":29,"column":1}},"15":{"start":{"line":28,"column":2},"end":{"line":28,"column":43}},"16":{"start":{"line":31,"column":0},"end":{"line":31,"column":26}},"17":{"start":{"line":32,"column":0},"end":{"line":36,"column":1}},"18":{"start":{"line":33,"column":2},"end":{"line":35,"column":5}},"19":{"start":{"line":38,"column":0},"end":{"line":38,"column":40}},"20":{"start":{"line":39,"column":0},"end":{"line":43,"column":1}},"21":{"start":{"line":40,"column":2},"end":{"line":42,"column":5}}},"branchMap":{"1":{"line":16,"type":"if","locations":[{"start":{"line":16,"column":2},"end":{"line":16,"column":2}},{"start":{"line":16,"column":2},"end":{"line":16,"column":2}}]},"2":{"line":24,"type":"cond-expr","locations":[{"start":{"line":24,"column":20},"end":{"line":24,"column":59}},{"start":{"line":24,"column":62},"end":{"line":24,"column":64}}]}},"code":["'use strict';","","var format = require('./format');","var disparity = require('disparity');","","var hr = '==================================================================' +","  '==============';","","// these headers make more sense in this context","disparity.added = 'expected';","disparity.removed = 'actual';","","exports.chars = chars;","function chars(str, opts, fileName) {","  var result = disparity.chars(str, format(str, opts));","  if (!result) {","    return '';","  }","  // we add a line break at the end because it looks better","  return getHeader(fileName) + result + '\\n';","}","","function getHeader(fileName) {","  return fileName ? cyan(fileName) + '\\n' + cyan(hr) + '\\n' : '';","}","","function cyan(str) {","  return '\\u001b[36m' + str + '\\u001b[39m';","}","","exports.unified = unified;","function unified(str, opts, fileName) {","  return disparity.unified(str, format(str, opts), {","    paths: [fileName]","  });","}","","exports.unifiedNoColor = unifiedNoColor;","function unifiedNoColor(str, opts, fileName) {","  return disparity.unifiedNoColor(str, format(str, opts), {","    paths: [fileName]","  });","}",""],"l":{"3":1,"4":1,"6":1,"10":1,"11":1,"13":1,"14":1,"15":0,"16":0,"17":0,"20":0,"23":1,"24":0,"27":1,"28":0,"31":1,"32":1,"33":0,"38":1,"39":1,"40":0}},"/home/travis/build/npmtest/node-npmtest-esformatter/node_modules/esformatter/lib/format.js":{"path":"/home/travis/build/npmtest/node-npmtest-esformatter/node_modules/esformatter/lib/format.js","s":{"1":1,"2":1,"3":1,"4":1,"5":1,"6":1,"7":1,"8":0,"9":0,"10":0,"11":0,"12":0,"13":0,"14":0,"15":0,"16":0,"17":0,"18":0,"19":0,"20":1,"21":0,"22":1,"23":1,"24":0,"25":0,"26":1,"27":0,"28":0,"29":0,"30":0,"31":0,"32":0,"33":1,"34":0,"35":0,"36":0,"37":0},"b":{"1":[0,0],"2":[0,0],"3":[0,0],"4":[0,0],"5":[0,0],"6":[0,0]},"f":{"1":0,"2":0,"3":0,"4":0,"5":0,"6":0},"fnMap":{"1":{"name":"format","line":11,"loc":{"start":{"line":11,"column":0},"end":{"line":11,"column":27}}},"2":{"name":"(anonymous_2)","line":46,"loc":{"start":{"line":46,"column":18},"end":{"line":46,"column":38}}},"3":{"name":"getShebang","line":54,"loc":{"start":{"line":54,"column":0},"end":{"line":54,"column":25}}},"4":{"name":"doFormat","line":60,"loc":{"start":{"line":60,"column":0},"end":{"line":60,"column":23}}},"5":{"name":"pipe","line":73,"loc":{"start":{"line":73,"column":0},"end":{"line":73,"column":31}}},"6":{"name":"(anonymous_6)","line":77,"loc":{"start":{"line":77,"column":25},"end":{"line":77,"column":46}}}},"statementMap":{"1":{"start":{"line":3,"column":0},"end":{"line":3,"column":36}},"2":{"start":{"line":5,"column":0},"end":{"line":5,"column":32}},"3":{"start":{"line":6,"column":0},"end":{"line":6,"column":43}},"4":{"start":{"line":7,"column":0},"end":{"line":7,"column":35}},"5":{"start":{"line":8,"column":0},"end":{"line":8,"column":39}},"6":{"start":{"line":10,"column":0},"end":{"line":10,"column":34}},"7":{"start":{"line":11,"column":0},"end":{"line":42,"column":1}},"8":{"start":{"line":14,"column":2},"end":{"line":14,"column":21}},"9":{"start":{"line":18,"column":2},"end":{"line":18,"column":31}},"10":{"start":{"line":19,"column":2},"end":{"line":24,"column":3}},"11":{"start":{"line":20,"column":4},"end":{"line":23,"column":6}},"12":{"start":{"line":25,"column":2},"end":{"line":25,"column":32}},"13":{"start":{"line":27,"column":2},"end":{"line":27,"column":42}},"14":{"start":{"line":29,"column":2},"end":{"line":31,"column":3}},"15":{"start":{"line":30,"column":4},"end":{"line":30,"column":52}},"16":{"start":{"line":33,"column":2},"end":{"line":33,"column":28}},"17":{"start":{"line":35,"column":2},"end":{"line":37,"column":3}},"18":{"start":{"line":36,"column":4},"end":{"line":36,"column":51}},"19":{"start":{"line":41,"column":2},"end":{"line":41,"column":22}},"20":{"start":{"line":46,"column":0},"end":{"line":48,"column":2}},"21":{"start":{"line":47,"column":2},"end":{"line":47,"column":33}},"22":{"start":{"line":51,"column":0},"end":{"line":51,"column":45}},"23":{"start":{"line":54,"column":0},"end":{"line":57,"column":1}},"24":{"start":{"line":55,"column":2},"end":{"line":55,"column":37}},"25":{"start":{"line":56,"column":2},"end":{"line":56,"column":33}},"26":{"start":{"line":60,"column":0},"end":{"line":68,"column":1}},"27":{"start":{"line":61,"column":2},"end":{"line":61,"column":34}},"28":{"start":{"line":63,"column":2},"end":{"line":63,"column":55}},"29":{"start":{"line":64,"column":2},"end":{"line":64,"column":43}},"30":{"start":{"line":65,"column":2},"end":{"line":65,"column":23}},"31":{"start":{"line":66,"column":2},"end":{"line":66,"column":33}},"32":{"start":{"line":67,"column":2},"end":{"line":67,"column":13}},"33":{"start":{"line":73,"column":0},"end":{"line":82,"column":1}},"34":{"start":{"line":74,"column":2},"end":{"line":76,"column":3}},"35":{"start":{"line":75,"column":4},"end":{"line":75,"column":17}},"36":{"start":{"line":77,"column":2},"end":{"line":81,"column":12}},"37":{"start":{"line":78,"column":4},"end":{"line":80,"column":7}}},"branchMap":{"1":{"line":19,"type":"if","locations":[{"start":{"line":19,"column":2},"end":{"line":19,"column":2}},{"start":{"line":19,"column":2},"end":{"line":19,"column":2}}]},"2":{"line":19,"type":"binary-expr","locations":[{"start":{"line":19,"column":6},"end":{"line":19,"column":12}},{"start":{"line":19,"column":16},"end":{"line":19,"column":57}}]},"3":{"line":29,"type":"if","locations":[{"start":{"line":29,"column":2},"end":{"line":29,"column":2}},{"start":{"line":29,"column":2},"end":{"line":29,"column":2}}]},"4":{"line":35,"type":"if","locations":[{"start":{"line":35,"column":2},"end":{"line":35,"column":2}},{"start":{"line":35,"column":2},"end":{"line":35,"column":2}}]},"5":{"line":56,"type":"cond-expr","locations":[{"start":{"line":56,"column":18},"end":{"line":56,"column":27}},{"start":{"line":56,"column":30},"end":{"line":56,"column":32}}]},"6":{"line":74,"type":"if","locations":[{"start":{"line":74,"column":2},"end":{"line":74,"column":2}},{"start":{"line":74,"column":2},"end":{"line":74,"column":2}}]}},"code":["'use strict';","","var _options = require('./options');","","var npmRun = require('npm-run');","var parser = require('esformatter-parser');","var plugins = require('./plugins');","var transform = require('./transform');","","exports = module.exports = format;","function format(str, opts) {","  // we need to load and register the plugins as soon as possible otherwise","  // `stringBefore` won't be called and default settings won't be used","  _options.set(opts);","","  // remove shebang before pipe because piped commands might not know how","  // to handle it","  var prefix = getShebang(str);","  if (prefix && !_options.get('esformatter.allowShebang')) {","    throw new Error(","      'shebang not allowed! Set esformatter.allowShebang to true if you ' +","      'want to support it.'","    );","  }","  str = str.replace(prefix, '');","","  var pipeCommands = _options.get('pipe');","","  if (pipeCommands) {","    str = pipe(pipeCommands.before, str).toString();","  }","","  str = doFormat(str, opts);","","  if (pipeCommands) {","    str = pipe(pipeCommands.after, str).toString();","  }","","  // we only restore bang after pipe because piped commands might not know how","  // to handle it","  return prefix + str;","}","","","// allows users to override parser if needed","exports.parseFn = function(str, opts) {","  return parser.parse(str, opts);","};","","","exports.parseOptions = parser.defaultOptions;","","","function getShebang(str) {","  var result = (/^#!.+\\n/).exec(str);","  return result ? result[0] : '';","}","","","function doFormat(str) {","  str = plugins.stringBefore(str);","  // allows user to override the parser","  var ast = exports.parseFn(str, exports.parseOptions);","  transform(ast, transform.BYPASS_OPTIONS);","  str = ast.toString();","  str = plugins.stringAfter(str);","  return str;","}","","","// run cli tools in series passing the stdout of previous tool as stdin of next","// one","function pipe(commands, input) {","  if (!commands) {","    return input;","  }","  return commands.reduce(function(input, cmd) {","    return npmRun.sync(cmd, {","      input: input","    });","  }, input);","}",""],"l":{"3":1,"5":1,"6":1,"7":1,"8":1,"10":1,"11":1,"14":0,"18":0,"19":0,"20":0,"25":0,"27":0,"29":0,"30":0,"33":0,"35":0,"36":0,"41":0,"46":1,"47":0,"51":1,"54":1,"55":0,"56":0,"60":1,"61":0,"63":0,"64":0,"65":0,"66":0,"67":0,"73":1,"74":0,"75":0,"77":0,"78":0}},"/home/travis/build/npmtest/node-npmtest-esformatter/node_modules/esformatter/lib/options.js":{"path":"/home/travis/build/npmtest/node-npmtest-esformatter/node_modules/esformatter/lib/options.js","s":{"1":1,"2":1,"3":1,"4":1,"5":1,"6":1,"7":1,"8":1,"9":1,"10":1,"11":1,"12":1,"13":1,"14":1,"15":1,"16":1,"17":1,"18":1,"19":1,"20":0,"21":0,"22":0,"23":0,"24":0,"25":0,"26":0,"27":0,"28":0,"29":0,"30":1,"31":0,"32":0,"33":0,"34":0,"35":1,"36":0,"37":0,"38":0,"39":0,"40":1,"41":0,"42":1,"43":1,"44":0,"45":0,"46":0,"47":0,"48":0,"49":0,"50":0,"51":0,"52":0,"53":0,"54":0,"55":0,"56":0,"57":1,"58":0,"59":0,"60":0,"61":0,"62":0,"63":0,"64":0,"65":0,"66":0,"67":0,"68":0,"69":0,"70":0,"71":0,"72":0,"73":0,"74":0,"75":0,"76":0,"77":0,"78":0,"79":1,"80":0,"81":1,"82":0,"83":0,"84":0,"85":0,"86":1,"87":1,"88":0,"89":0,"90":0,"91":0,"92":1,"93":0,"94":0,"95":0,"96":0,"97":0,"98":0,"99":0,"100":0,"101":0,"102":0,"103":0,"104":0,"105":0,"106":0,"107":1,"108":0,"109":0,"110":0,"111":0,"112":0},"b":{"1":[0,0],"2":[0,0],"3":[0,0],"4":[0,0],"5":[0,0],"6":[0,0],"7":[0,0],"8":[0,0],"9":[0,0],"10":[0,0],"11":[0,0],"12":[0,0],"13":[0,0],"14":[0,0],"15":[0,0],"16":[0,0],"17":[0,0],"18":[0,0],"19":[0,0],"20":[0,0],"21":[0,0],"22":[0,0],"23":[0,0],"24":[0,0],"25":[0,0],"26":[0,0,0],"27":[0,0],"28":[0,0],"29":[0,0],"30":[0,0],"31":[0,0],"32":[0,0],"33":[0,0],"34":[0,0],"35":[0,0]},"f":{"1":0,"2":0,"3":0,"4":0,"5":0,"6":0,"7":0,"8":0,"9":0,"10":0,"11":0,"12":0,"13":0,"14":0,"15":0},"fnMap":{"1":{"name":"(anonymous_1)","line":34,"loc":{"start":{"line":34,"column":14},"end":{"line":34,"column":29}}},"2":{"name":"mergePreset","line":61,"loc":{"start":{"line":61,"column":0},"end":{"line":61,"column":35}}},"3":{"name":"mergeOptions","line":70,"loc":{"start":{"line":70,"column":0},"end":{"line":70,"column":38}}},"4":{"name":"(anonymous_4)","line":75,"loc":{"start":{"line":75,"column":12},"end":{"line":75,"column":24}}},"5":{"name":"(anonymous_5)","line":82,"loc":{"start":{"line":82,"column":14},"end":{"line":82,"column":29}}},"6":{"name":"getRc","line":88,"loc":{"start":{"line":88,"column":0},"end":{"line":88,"column":40}}},"7":{"name":"findAndMergeConfigs","line":116,"loc":{"start":{"line":116,"column":0},"end":{"line":116,"column":38}}},"8":{"name":"(anonymous_8)","line":122,"loc":{"start":{"line":122,"column":19},"end":{"line":122,"column":34}}},"9":{"name":"isTopLevel","line":160,"loc":{"start":{"line":160,"column":0},"end":{"line":160,"column":28}}},"10":{"name":"getGlobalConfig","line":168,"loc":{"start":{"line":168,"column":0},"end":{"line":168,"column":27}}},"11":{"name":"loadAndParseConfig","line":178,"loc":{"start":{"line":178,"column":0},"end":{"line":178,"column":34}}},"12":{"name":"processExtends","line":195,"loc":{"start":{"line":195,"column":0},"end":{"line":195,"column":42}}},"13":{"name":"(anonymous_13)","line":198,"loc":{"start":{"line":198,"column":55},"end":{"line":198,"column":84}}},"14":{"name":"invariantNestedExtends","line":222,"loc":{"start":{"line":222,"column":0},"end":{"line":222,"column":54}}},"15":{"name":"(anonymous_15)","line":228,"loc":{"start":{"line":228,"column":31},"end":{"line":228,"column":45}}}},"statementMap":{"1":{"start":{"line":3,"column":0},"end":{"line":3,"column":55}},"2":{"start":{"line":4,"column":0},"end":{"line":4,"column":23}},"3":{"start":{"line":5,"column":0},"end":{"line":5,"column":27}},"4":{"start":{"line":6,"column":0},"end":{"line":6,"column":38}},"5":{"start":{"line":8,"column":0},"end":{"line":8,"column":42}},"6":{"start":{"line":9,"column":0},"end":{"line":9,"column":41}},"7":{"start":{"line":10,"column":0},"end":{"line":10,"column":33}},"8":{"start":{"line":11,"column":0},"end":{"line":11,"column":35}},"9":{"start":{"line":13,"column":0},"end":{"line":13,"column":49}},"10":{"start":{"line":14,"column":0},"end":{"line":14,"column":41}},"11":{"start":{"line":15,"column":0},"end":{"line":15,"column":37}},"12":{"start":{"line":16,"column":0},"end":{"line":16,"column":45}},"13":{"start":{"line":17,"column":0},"end":{"line":17,"column":36}},"14":{"start":{"line":18,"column":0},"end":{"line":18,"column":43}},"15":{"start":{"line":19,"column":0},"end":{"line":19,"column":43}},"16":{"start":{"line":23,"column":0},"end":{"line":23,"column":13}},"17":{"start":{"line":24,"column":0},"end":{"line":24,"column":28}},"18":{"start":{"line":28,"column":0},"end":{"line":31,"column":2}},"19":{"start":{"line":34,"column":0},"end":{"line":58,"column":2}},"20":{"start":{"line":35,"column":2},"end":{"line":35,"column":61}},"21":{"start":{"line":39,"column":2},"end":{"line":39,"column":39}},"22":{"start":{"line":44,"column":2},"end":{"line":46,"column":3}},"23":{"start":{"line":45,"column":4},"end":{"line":45,"column":66}},"24":{"start":{"line":48,"column":2},"end":{"line":48,"column":38}},"25":{"start":{"line":49,"column":2},"end":{"line":49,"column":37}},"26":{"start":{"line":50,"column":2},"end":{"line":50,"column":37}},"27":{"start":{"line":51,"column":2},"end":{"line":51,"column":31}},"28":{"start":{"line":55,"column":2},"end":{"line":57,"column":3}},"29":{"start":{"line":56,"column":4},"end":{"line":56,"column":41}},"30":{"start":{"line":61,"column":0},"end":{"line":67,"column":1}},"31":{"start":{"line":62,"column":2},"end":{"line":64,"column":3}},"32":{"start":{"line":63,"column":4},"end":{"line":63,"column":61}},"33":{"start":{"line":65,"column":2},"end":{"line":65,"column":63}},"34":{"start":{"line":66,"column":2},"end":{"line":66,"column":38}},"35":{"start":{"line":70,"column":0},"end":{"line":79,"column":1}},"36":{"start":{"line":71,"column":2},"end":{"line":71,"column":37}},"37":{"start":{"line":74,"column":2},"end":{"line":77,"column":7}},"38":{"start":{"line":76,"column":6},"end":{"line":76,"column":23}},"39":{"start":{"line":78,"column":2},"end":{"line":78,"column":16}},"40":{"start":{"line":82,"column":0},"end":{"line":84,"column":2}},"41":{"start":{"line":83,"column":2},"end":{"line":83,"column":47}},"42":{"start":{"line":87,"column":0},"end":{"line":87,"column":22}},"43":{"start":{"line":88,"column":0},"end":{"line":113,"column":1}},"44":{"start":{"line":89,"column":2},"end":{"line":92,"column":3}},"45":{"start":{"line":90,"column":4},"end":{"line":90,"column":29}},"46":{"start":{"line":91,"column":4},"end":{"line":91,"column":20}},"47":{"start":{"line":94,"column":2},"end":{"line":94,"column":26}},"48":{"start":{"line":96,"column":2},"end":{"line":96,"column":53}},"49":{"start":{"line":100,"column":2},"end":{"line":102,"column":3}},"50":{"start":{"line":101,"column":4},"end":{"line":101,"column":25}},"51":{"start":{"line":106,"column":2},"end":{"line":106,"column":56}},"52":{"start":{"line":107,"column":2},"end":{"line":107,"column":40}},"53":{"start":{"line":108,"column":2},"end":{"line":110,"column":3}},"54":{"start":{"line":109,"column":4},"end":{"line":109,"column":34}},"55":{"start":{"line":111,"column":2},"end":{"line":111,"column":56}},"56":{"start":{"line":112,"column":2},"end":{"line":112,"column":48}},"57":{"start":{"line":116,"column":0},"end":{"line":157,"column":1}},"58":{"start":{"line":117,"column":2},"end":{"line":117,"column":42}},"59":{"start":{"line":117,"column":35},"end":{"line":117,"column":42}},"60":{"start":{"line":119,"column":2},"end":{"line":119,"column":53}},"61":{"start":{"line":120,"column":2},"end":{"line":120,"column":13}},"62":{"start":{"line":122,"column":2},"end":{"line":141,"column":5}},"63":{"start":{"line":123,"column":4},"end":{"line":123,"column":44}},"64":{"start":{"line":124,"column":4},"end":{"line":124,"column":41}},"65":{"start":{"line":124,"column":34},"end":{"line":124,"column":41}},"66":{"start":{"line":126,"column":4},"end":{"line":126,"column":43}},"67":{"start":{"line":127,"column":4},"end":{"line":129,"column":5}},"68":{"start":{"line":128,"column":6},"end":{"line":128,"column":53}},"69":{"start":{"line":131,"column":4},"end":{"line":131,"column":21}},"70":{"start":{"line":131,"column":14},"end":{"line":131,"column":21}},"71":{"start":{"line":137,"column":4},"end":{"line":137,"column":54}},"72":{"start":{"line":140,"column":4},"end":{"line":140,"column":40}},"73":{"start":{"line":140,"column":28},"end":{"line":140,"column":40}},"74":{"start":{"line":143,"column":2},"end":{"line":145,"column":3}},"75":{"start":{"line":144,"column":4},"end":{"line":144,"column":18}},"76":{"start":{"line":149,"column":2},"end":{"line":149,"column":46}},"77":{"start":{"line":152,"column":2},"end":{"line":154,"column":7}},"78":{"start":{"line":156,"column":2},"end":{"line":156,"column":44}},"79":{"start":{"line":160,"column":0},"end":{"line":165,"column":1}},"80":{"start":{"line":164,"column":2},"end":{"line":164,"column":50}},"81":{"start":{"line":168,"column":0},"end":{"line":174,"column":1}},"82":{"start":{"line":169,"column":2},"end":{"line":171,"column":3}},"83":{"start":{"line":170,
[...]
ine":180,"column":0},"end":{"line":180,"column":35}}},"12":{"name":"toConsole","line":206,"loc":{"start":{"line":206,"column":0},"end":{"line":206,"column":39}}},"13":{"name":"formatToSelf","line":241,"loc":{"start":{"line":241,"column":0},"end":{"line":241,"column":34}}}},"statementMap":{"1":{"start":{"line":3,"column":0},"end":{"line":3,"column":48}},"2":{"start":{"line":4,"column":0},"end":{"line":4,"column":23}},"3":{"start":{"line":5,"column":0},"end":{"line":5,"column":27}},"4":{"start":{"line":6,"column":0},"end":{"line":6,"column":41}},"5":{"start":{"line":7,"column":0},"end":{"line":7,"column":35}},"6":{"start":{"line":8,"column":0},"end":{"line":8,"column":37}},"7":{"start":{"line":9,"column":0},"end":{"line":9,"column":35}},"8":{"start":{"line":10,"column":0},"end":{"line":10,"column":27}},"9":{"start":{"line":11,"column":0},"end":{"line":11,"column":29}},"10":{"start":{"line":12,"column":0},"end":{"line":12,"column":46}},"11":{"start":{"line":14,"column":0},"end":{"line":33,"column":2}},"12":{"start":{"line":37,"column":0},"end":{"line":37,"column":21}},"13":{"start":{"line":41,"column":0},"end":{"line":41,"column":32}},"14":{"start":{"line":42,"column":0},"end":{"line":42,"column":32}},"15":{"start":{"line":45,"column":0},"end":{"line":53,"column":2}},"16":{"start":{"line":46,"column":2},"end":{"line":46,"column":38}},"17":{"start":{"line":48,"column":2},"end":{"line":50,"column":3}},"18":{"start":{"line":49,"column":4},"end":{"line":49,"column":43}},"19":{"start":{"line":52,"column":2},"end":{"line":52,"column":14}},"20":{"start":{"line":56,"column":0},"end":{"line":81,"column":2}},"21":{"start":{"line":58,"column":2},"end":{"line":58,"column":23}},"22":{"start":{"line":60,"column":2},"end":{"line":64,"column":3}},"23":{"start":{"line":61,"column":4},"end":{"line":61,"column":71}},"24":{"start":{"line":62,"column":4},"end":{"line":62,"column":31}},"25":{"start":{"line":63,"column":4},"end":{"line":63,"column":11}},"26":{"start":{"line":66,"column":2},"end":{"line":70,"column":3}},"27":{"start":{"line":67,"column":4},"end":{"line":67,"column":41}},"28":{"start":{"line":68,"column":4},"end":{"line":68,"column":63}},"29":{"start":{"line":69,"column":4},"end":{"line":69,"column":11}},"30":{"start":{"line":72,"column":2},"end":{"line":78,"column":3}},"31":{"start":{"line":73,"column":4},"end":{"line":76,"column":6}},"32":{"start":{"line":77,"column":4},"end":{"line":77,"column":11}},"33":{"start":{"line":80,"column":2},"end":{"line":80,"column":12}},"34":{"start":{"line":84,"column":0},"end":{"line":106,"column":1}},"35":{"start":{"line":85,"column":2},"end":{"line":85,"column":21}},"36":{"start":{"line":87,"column":2},"end":{"line":92,"column":3}},"37":{"start":{"line":88,"column":4},"end":{"line":90,"column":7}},"38":{"start":{"line":89,"column":6},"end":{"line":89,"column":36}},"39":{"start":{"line":91,"column":4},"end":{"line":91,"column":11}},"40":{"start":{"line":94,"column":2},"end":{"line":94,"column":42}},"41":{"start":{"line":96,"column":2},"end":{"line":101,"column":3}},"42":{"start":{"line":97,"column":4},"end":{"line":99,"column":7}},"43":{"start":{"line":98,"column":6},"end":{"line":98,"column":31}},"44":{"start":{"line":100,"column":4},"end":{"line":100,"column":11}},"45":{"start":{"line":103,"column":2},"end":{"line":105,"column":5}},"46":{"start":{"line":104,"column":4},"end":{"line":104,"column":43}},"47":{"start":{"line":112,"column":0},"end":{"line":141,"column":1}},"48":{"start":{"line":113,"column":2},"end":{"line":113,"column":50}},"49":{"start":{"line":117,"column":2},"end":{"line":129,"column":3}},"50":{"start":{"line":119,"column":4},"end":{"line":119,"column":74}},"51":{"start":{"line":122,"column":4},"end":{"line":122,"column":53}},"52":{"start":{"line":123,"column":4},"end":{"line":128,"column":5}},"53":{"start":{"line":125,"column":6},"end":{"line":125,"column":70}},"54":{"start":{"line":126,"column":11},"end":{"line":128,"column":5}},"55":{"start":{"line":127,"column":6},"end":{"line":127,"column":59}},"56":{"start":{"line":132,"column":2},"end":{"line":132,"column":23}},"57":{"start":{"line":136,"column":2},"end":{"line":136,"column":35}},"58":{"start":{"line":138,"column":2},"end":{"line":140,"column":3}},"59":{"start":{"line":139,"column":4},"end":{"line":139,"column":41}},"60":{"start":{"line":144,"column":0},"end":{"line":168,"column":1}},"61":{"start":{"line":145,"column":2},"end":{"line":167,"column":9}},"62":{"start":{"line":148,"column":4},"end":{"line":156,"column":5}},"63":{"start":{"line":149,"column":6},"end":{"line":155,"column":10}},"64":{"start":{"line":157,"column":4},"end":{"line":165,"column":5}},"65":{"start":{"line":164,"column":6},"end":{"line":164,"column":21}},"66":{"start":{"line":166,"column":4},"end":{"line":166,"column":15}},"67":{"start":{"line":171,"column":0},"end":{"line":177,"column":1}},"68":{"start":{"line":172,"column":2},"end":{"line":176,"column":3}},"69":{"start":{"line":173,"column":4},"end":{"line":173,"column":44}},"70":{"start":{"line":175,"column":4},"end":{"line":175,"column":65}},"71":{"start":{"line":180,"column":0},"end":{"line":203,"column":1}},"72":{"start":{"line":183,"column":2},"end":{"line":185,"column":3}},"73":{"start":{"line":184,"column":4},"end":{"line":184,"column":16}},"74":{"start":{"line":187,"column":2},"end":{"line":202,"column":3}},"75":{"start":{"line":191,"column":4},"end":{"line":193,"column":30}},"76":{"start":{"line":196,"column":4},"end":{"line":196,"column":31}},"77":{"start":{"line":198,"column":4},"end":{"line":201,"column":7}},"78":{"start":{"line":206,"column":0},"end":{"line":238,"column":1}},"79":{"start":{"line":207,"column":2},"end":{"line":207,"column":37}},"80":{"start":{"line":208,"column":2},"end":{"line":208,"column":33}},"81":{"start":{"line":208,"column":26},"end":{"line":208,"column":33}},"82":{"start":{"line":209,"column":2},"end":{"line":237,"column":3}},"83":{"start":{"line":210,"column":4},"end":{"line":210,"column":15}},"84":{"start":{"line":212,"column":4},"end":{"line":225,"column":5}},"85":{"start":{"line":213,"column":6},"end":{"line":213,"column":51}},"86":{"start":{"line":214,"column":6},"end":{"line":216,"column":7}},"87":{"start":{"line":215,"column":8},"end":{"line":215,"column":34}},"88":{"start":{"line":217,"column":6},"end":{"line":217,"column":62}},"89":{"start":{"line":218,"column":6},"end":{"line":223,"column":7}},"90":{"start":{"line":219,"column":8},"end":{"line":219,"column":29}},"91":{"start":{"line":222,"column":8},"end":{"line":222,"column":37}},"92":{"start":{"line":224,"column":6},"end":{"line":224,"column":13}},"93":{"start":{"line":227,"column":4},"end":{"line":227,"column":48}},"94":{"start":{"line":229,"column":4},"end":{"line":229,"column":33}},"95":{"start":{"line":232,"column":4},"end":{"line":236,"column":7}},"96":{"start":{"line":241,"column":0},"end":{"line":254,"column":1}},"97":{"start":{"line":242,"column":2},"end":{"line":242,"column":31}},"98":{"start":{"line":243,"column":2},"end":{"line":243,"column":37}},"99":{"start":{"line":244,"column":2},"end":{"line":244,"column":33}},"100":{"start":{"line":244,"column":26},"end":{"line":244,"column":33}},"101":{"start":{"line":245,"column":2},"end":{"line":253,"column":3}},"102":{"start":{"line":246,"column":4},"end":{"line":246,"column":63}},"103":{"start":{"line":248,"column":4},"end":{"line":252,"column":7}}},"branchMap":{"1":{"line":48,"type":"if","locations":[{"start":{"line":48,"column":2},"end":{"line":48,"column":2}},{"start":{"line":48,"column":2},"end":{"line":48,"column":2}}]},"2":{"line":60,"type":"if","locations":[{"start":{"line":60,"column":2},"end":{"line":60,"column":2}},{"start":{"line":60,"column":2},"end":{"line":60,"column":2}}]},"3":{"line":66,"type":"if","locations":[{"start":{"line":66,"column":2},"end":{"line":66,"column":2}},{"start":{"line":66,"column":2},"end":{"line":66,"column":2}}]},"4":{"line":72,"type":"if","locations":[{"start":{"line":72,"column":2},"end":{"line":72,"column":2}},{"start":{"line":72,"column":2},"end":{"line":72,"column":2}}]},"5":{"line":72,"type":"binary-expr","locations":[{"start":{"line":72,"column":6},"end":{"line":72,"column":12}},{"start":{"line":72,"column":17},"end":{"line":72,"column":26}},{"start":{"line":72,"column":30},"end":{"line":72,"column":50}}]},"6":{"line":87,"type":"if","locations":[{"start":{"line":87,"column":2},"end":{"line":87,"column":2}},{"start":{"line":87,"column":2},"end":{"line":87,"column":2}}]},"7":{"line":96,"type":"if","locations":[{"start":{"line":96,"column":2},"end":{"line":96,"column":2}},{"start":{"line":96,"column":2},"end":{"line":96,"column":2}}]},"8":{"line":113,"type":"cond-expr","locations":[{"start":{"line":113,"column":36},"end":{"line":113,"column":37}},{"start":{"line":113,"column":40},"end":{"line":113,"column":49}}]},"9":{"line":117,"type":"if","locations":[{"start":{"line":117,"column":2},"end":{"line":117,"column":2}},{"start":{"line":117,"column":2},"end":{"line":117,"column":2}}]},"10":{"line":123,"type":"if","locations":[{"start":{"line":123,"column":4},"end":{"line":123,"column":4}},{"start":{"line":123,"column":4},"end":{"line":123,"column":4}}]},"11":{"line":126,"type":"if","locations":[{"start":{"line":126,"column":11},"end":{"line":126,"column":11}},{"start":{"line":126,"column":11},"end":{"line":126,"column":11}}]},"12":{"line":127,"type":"cond-expr","locations":[{"start":{"line":127,"column":34},"end":{"line":127,"column":46}},{"start":{"line":127,"column":49},"end":{"line":127,"column":51}}]},"13":{"line":138,"type":"if","locations":[{"start":{"line":138,"column":2},"end":{"line":138,"column":2}},{"start":{"line":138,"column":2},"end":{"line":138,"column":2}}]},"14":{"line":148,"type":"if","locations":[{"start":{"line":148,"column":4},"end":{"line":148,"column":4}},{"start":{"line":148,"column":4},"end":{"line":148,"column":4}}]},"15":{"line":157,"type":"if","locations":[{"start":{"line":157,"column":4},"end":{"line":157,"column":4}},{"start":{"line":157,"column":4},"end":{"line":157,"column":4}}]},"16":{"line":158,"type":"binary-expr","locations":[{"start":{"line":158,"column":6},"end":{"line":158,"column":13}},{"start":{"line":159,"column":6},"end":{"line":162,"column":8}}]},"17":{"line":183,"type":"if","locations":[{"start":{"line":183,"column":2},"end":{"line":183,"column":2}},{"start":{"line":183,"column":2},"end":{"line":183,"column":2}}]},"18":{"line":183,"type":"binary-expr","locations":[{"start":{"line":183,"column":6},"end":{"line":183,"column":17}},{"start":{"line":183,"column":21},"end":{"line":183,"column":30}}]},"19":{"line":191,"type":"cond-expr","locations":[{"start":{"line":192,"column":6},"end":{"line":192,"column":45}},{"start":{"line":193,"column":6},"end":{"line":193,"column":29}}]},"20":{"line":208,"type":"if","locations":[{"start":{"line":208,"column":2},"end":{"line":208,"column":2}},{"start":{"line":208,"column":2},"end":{"line":208,"column":2}}]},"21":{"line":208,"type":"binary-expr","locations":[{"start":{"line":208,"column":6},"end":{"line":208,"column":13}},{"start":{"line":208,"column":17},"end":{"line":208,"column":24}}]},"22":{"line":212,"type":"if","locations":[{"start":{"line":212,"column":4},"end":{"line":212,"column":4}},{"start":{"line":212,"column":4},"end":{"line":212,"column":4}}]},"23":{"line":212,"type":"binary-expr","locations":[{"start":{"line":212,"column":8},"end":{"line":212,"column":17}},{"start":{"line":212,"column":21},"end":{"line":212,"column":41}}]},"24":{"line":213,"type":"cond-expr","locations":[{"start":{"line":213,"column":31},"end":{"line":213,"column":38}},{"start":{"line":213,"column":41},"end":{"line":213,"column":50}}]},"25":{"line":214,"type":"if","locations":[{"start":{"line":214,"column":6},"end":{"line":214,"column":6}},{"start":{"line":214,"column":6},"end":{"line":214,"column":6}}]},"26":{"line":218,"type":"if","locations":[{"start":{"line":218,"column":6},"end":{"line":218,"column":6}},{"start":{"line":218,"column":6},"end":{"line":218,"column":6}}]},"27":{"line":235,"type":"binary-expr","locations":[{"start":{"line":235,"column":13},"end":{"line":235,"column":17}},{"start":{"line":235,"column":21},"end":{"line":235,"column":28}}]},"28":{"line":244,"type":"if","locations":[{"start":{"line":244,"column":2},"end":{"line":244,"column":2}},{"start":{"line":244,"column":2},"end":{"line":244,"column":2}}]},"29":{"line":244,"type":"binary-expr","locations":[{"start":{"line":244,"column":6},"end":{"line":244,"column":13}},{"start":{"line":244,"column":17},"end":{"line":244,"column":24}}]}},"code":["'use strict';","","var esformatter = require('../lib/esformatter');","var fs = require('fs');","var glob = require('glob');","var merge = require('mout/object/merge');","var minimist = require('minimist');","var minimatch = require('minimatch');","var options = require('./options');","var path = require('path');","var stdin = require('stdin');","var supportsColor = require('supports-color');","","var parseOpts = {","  'boolean': [","    'help',","    'version',","    'i',","    'diff',","    'diff-unified',","    'no-color',","    'color'","  ],","  'alias': {","    'h': 'help',","    'v': 'version',","    'c': 'config',","    'p': 'preset'","  },","  'string': [","    'ignore'","  ]","};","","","// exit code should be !== 0 if we find any errors during execution","exports.exitCode = 0;","","","// allow mocking/replacing the stdout/stderr","exports.stdout = process.stdout;","exports.stderr = process.stderr;","","","exports.parse = function(arr) {","  var argv = minimist(arr, parseOpts);","","  if (argv.plugins) {","    argv.plugins = argv.plugins.split(',');","  }","","  return argv;","};","","","exports.run = function(argv) {","  // reset error flag at each run","  exports.exitCode = 0;","","  if (argv.help) {","    var help = fs.readFileSync(path.join(__dirname, '../doc/cli.txt'));","    exports.stderr.write(help);","    return;","  }","","  if (argv.version) {","    var pkg = require('../package.json');","    exports.stderr.write('esformatter v' + pkg.version + '\\n');","    return;","  }","","  if (argv.i && (argv.diff || argv['diff-unified'])) {","    logError(","      'Error: \"--diff\" and \"--diff-unified\" flags ' +","      'can\\'t be used together with the \"-i\" flag.'","    );","    return;","  }","","  run(argv);","};","","","function run(argv) {","  var files = argv._;","","  if (!files.length) {","    stdin(function(source) {","      toConsole(source, null, argv);","    });","    return;","  }","","  files = expandGlobs(files, argv.ignore);","","  if (argv.i) {","    files.forEach(function(file) {","      formatToSelf(file, argv);","    });","    return;","  }","","  files.forEach(function(file) {","    toConsole(getSource(file), file, argv);","  });","}","","","// we are handling errors this way instead of prematurely terminating the","// program because user might be editing multiple files at once and error","// might only be present on a single file","function logError(e) {","  var msg = typeof e === 'string' ? e : e.message;","","  // esprima.parse errors are in the format 'Line 123: Unexpected token &'","  // we support both formats since users might replace the parser","  if ((/Line \\d+:/).test(msg)) {","    // convert into \"Error: <filepath>:<line> <error_message>\"","    msg = 'Error: ' + msg.replace(/[^\\d]+(\\d+): (.+)/, e.file + ':$1 $2');","  } else {","    // babylon.parse errors are in the format 'Unexpected token (0:4)'","    var m = (/^([^\\(]+)\\s\\((\\d+):(\\d+)\\)/).exec(msg);","    if (m) {","      // convert into \"Error: <filepath>:<line>:<char> <error_message>\"","      msg = 'Error: ' + e.file + ':' + m[2] + ':' + m[3] + ' ' + m[1];","    } else if (msg.indexOf('Error:') < 0) {","      msg = 'Error: ' + (e.file ? e.file + ' ' : '') + msg;","    }","  }","","  // set the error flag to true to use an exit code !== 0","  exports.exitCode = 1;","","  // we don't call console.error directly to make it possible to mock during","  // unit tests","  exports.stderr.write(msg + '\\n');","","  if (e.stack) {","    exports.stderr.write(e.stack + '\\n');","  }","}","","","function expandGlobs(filePaths, ignore) {","  return filePaths.reduce(function(arr, file) {","    // if file path contains \"magical chars\" (glob) we expand it, otherwise we","    // simply use the file path (`push` is faster than `concat` and avoid `fs`)","    if (glob.hasMagic(file)) {","      return arr.concat(glob.sync(file, {","        ignore: ignore,","        // we want to return the glob itself to report that it didn't find any","        // files, better to giver clear error messages than to fail silently","        nonull: true,","        nodir: true","      }));","    }","    if (","      !ignore ||","      !minimatch(file, ignore, {","        // `dot:true` to follow same behavior as `glob.sync:ignore`","        dot: true","      })","    ) {","      arr.push(file);","    }","    return arr;","  }, []);","}","","","function getSource(file) {","  try {","    return fs.readFileSync(file).toString();","  } catch (e) {","    logError('Can\\'t read source file. Exception: ' + e.message);","  }","}","","","function getConfig(filePath, argv) {","  // if user sets the \"preset\" we don't load any other config file","  // we assume the \"preset\" overrides any user settings","  if (argv.preset || argv.root) {","    return argv;","  }","","  try {","    // we only load \".esformatter\" or \"package.json\" file if user did not","    // provide a config file as argument, that way we allow user to override","    // the behavior","    var config = argv.config ?","      options.loadAndParseConfig(argv.config) :","      options.getRc(filePath);","","    // we always merge the argv to allow user to override the default settings","    return merge(config, argv);","  } catch (e) {","    logError({","      message: e.message,","      file: filePath,","    });","  }","}","","","function toConsole(source, file, argv) {","  var config = getConfig(file, argv);","  if (!source || !config) return;","  try {","    var result;","","    if (argv.diff || argv['diff-unified']) {","      var method = argv.diff ? 'chars' : 'unified';","      if (!supportsColor) {","        method = 'unifiedNoColor';","      }","      result = esformatter.diff[method](source, config, file);","      if (result) {","        exports.exitCode = 1;","        // we are using stdout even tho it's considered an \"error\" because user","        // might want to pipe multiple tools and diff(1) also outputs to stdout","        exports.stdout.write(result);","      }","      return;","    }","","    result = esformatter.format(source, config);","    // do not use console.log since it adds a line break at the end","    exports.stdout.write(result);","","  } catch (e) {","    logError({","      stack: e.stack,","      message: e.message,","      file: (file || 'stdin')","    });","  }","}","","","function formatToSelf(file, argv) {","  var source = getSource(file);","  var config = getConfig(file, argv);","  if (!source || !config) return;","  try {","    fs.writeFileSync(file, esformatter.format(source, config));","  } catch (e) {","    logError({","      stack: e.stack,","      message: e.message,","      file: file","    });","  }","}",""],"l":{"3":1,"4":1,"5":1,"6":1,"7":1,"8":1,"9":1,"10":1,"11":1,"12":1,"14":1,"37":1,"41":1,"42":1,"45":1,"46":0,"48":0,"49":0,"52":0,"56":1,"58":0,"60":0,"61":0,"62":0,"63":0,"66":0,"67":0,"68":0,"69":0,"72":0,"73":0,"77":0,"80":0,"84":1,"85":0,"87":0,"88":0,"89":0,"91":0,"94":0,"96":0,"97":0,"98":0,"100":0,"103":0,"104":0,"112":1,"113":0,"117":0,"119":0,"122":0,"123":0,"125":0,"126":0,"127":0,"132":0,"136":0,"138":0,"139":0,"144":1,"145":0,"148":0,"149":0,"157":0,"164":0,"166":0,"171":1,"172":0,"173":0,"175":0,"180":1,"183":0,"184":0,"187":0,"191":0,"196":0,"198":0,"206":1,"207":0,"208":0,"209":0,"210":0,"212":0,"213":0,"214":0,"215":0,"217":0,"218":0,"219":0,"222":0,"224":0,"227":0,"229":0,"232":0,"241":1,"242":0,"243":0,"244":0,"245":0,"246":0,"248":0}}}